[EXAMINER] Examination complete for trans_passes_all_checks_1362_test.py::TestTransPassesAllChecks::test_space_split_safe
[EXAMINER]   Redefined symbols found: 9
[EXAMINER] Batch examination complete
[EXAMINER]   Total examined: 189
[EXAMINER]   With redefined symbols: 31
[EXAMINER]   Errors: 0
[ANALYZER] Examination phase complete: 189 test cases examined
[ANALYZER] REDEFINE error cases: 31 test cases examined
[ANALYZER] REDEFINE error case: comments__generate_ignored_nodes_from_fmt_skip_5273_test.py::TestGenerateIgnoredNodesFromFmtSkip::test_parent_sibling_not_none_and_not_suite
[ANALYZER]   Test file: /LSPRAG/experiments/projects/old_black/src/lsprag_tests/gpt-4o-1/comments__generate_ignored_nodes_from_fmt_skip_5273_test.py
[ANALYZER]   Source file: /LSPRAG/experiments/projects/black/src/black/comments.py
[ANALYZER]   Symbol name: _generate_ignored_nodes_from_fmt_skip
[ANALYZER]   Error detail: AssertionError: 1
[ANALYZER] REDEFINE error case: comments_convert_one_fmt_off_pair_1286_test.py::TestConvertOneFmtOffPair::test_fmt_off_with_closing_bracket
[ANALYZER]   Test file: /LSPRAG/experiments/projects/old_black/src/lsprag_tests/gpt-4o-1/comments_convert_one_fmt_off_pair_1286_test.py
[ANALYZER]   Source file: /LSPRAG/experiments/projects/black/src/black/comments.py
[ANALYZER]   Symbol name: convert_one_fmt_off_pair
[ANALYZER]   Error detail: AssertionError: 1
[ANALYZER] REDEFINE error case: comments_convert_one_fmt_off_pair_1286_test.py::TestConvertOneFmtOffPair::test_not_is_fmt_off_and_not_is_fmt_skip
[ANALYZER]   Test file: /LSPRAG/experiments/projects/old_black/src/lsprag_tests/gpt-4o-1/comments_convert_one_fmt_off_pair_1286_test.py
[ANALYZER]   Source file: /LSPRAG/experiments/projects/black/src/black/comments.py
[ANALYZER]   Symbol name: convert_one_fmt_off_pair
[ANALYZER]   Error detail: AssertionError: 1
[ANALYZER] REDEFINE error case: files_parse_req_python_version_6559_test.py::Testfiles_parse_req_python_version_6559_test::test_minor_version_unmapped
[ANALYZER]   Test file: /LSPRAG/experiments/projects/old_black/src/lsprag_tests/gpt-4o-1/files_parse_req_python_version_6559_test.py
[ANALYZER]   Source file: /LSPRAG/experiments/projects/black/src/black/files.py
[ANALYZER]   Symbol name: parse_req_python_version
[ANALYZER]   Error detail: AssertionError: [<TargetVersion.PY310: 10>] is not None
[ANALYZER] REDEFINE error case: linegen_standalone_comment_split_4047_test.py::TestlinegenStandaloneCommentSplit::test_split_lines_with_value_error
[ANALYZER]   Test file: /LSPRAG/experiments/projects/old_black/src/lsprag_tests/gpt-4o-1/linegen_standalone_comment_split_4047_test.py
[ANALYZER]   Source file: /LSPRAG/experiments/projects/black/src/black/linegen.py
[ANALYZER]   Symbol name: standalone_comment_split
[ANALYZER]   Error detail: AssertionError: 1 != 2
[ANALYZER] REDEFINE error case: linegen_visit_async_stmt_5972_test.py::TestLineGeneratorVisitAsyncStmt::test_linegen_async_break
[ANALYZER]   Test file: /LSPRAG/experiments/projects/old_black/src/lsprag_tests/gpt-4o-1/linegen_visit_async_stmt_5972_test.py
[ANALYZER]   Source file: /LSPRAG/experiments/projects/black/src/black/linegen.py
[ANALYZER]   Symbol name: visit_async_stmt
[ANALYZER]   Error detail: AssertionError: 1
[ANALYZER] REDEFINE error case: linegen_visit_async_stmt_5972_test.py::TestLineGeneratorVisitAsyncStmt::test_linegen_no_special_type
[ANALYZER]   Test file: /LSPRAG/experiments/projects/old_black/src/lsprag_tests/gpt-4o-1/linegen_visit_async_stmt_5972_test.py
[ANALYZER]   Source file: /LSPRAG/experiments/projects/black/src/black/linegen.py
[ANALYZER]   Symbol name: visit_async_stmt
[ANALYZER]   Error detail: AssertionError: 1
[ANALYZER] REDEFINE error case: linegen_visit_async_stmt_5972_test.py::TestLineGeneratorVisitAsyncStmt::test_linegen_standalone_comment_break
[ANALYZER]   Test file: /LSPRAG/experiments/projects/old_black/src/lsprag_tests/gpt-4o-1/linegen_visit_async_stmt_5972_test.py
[ANALYZER]   Source file: /LSPRAG/experiments/projects/black/src/black/linegen.py
[ANALYZER]   Symbol name: visit_async_stmt
[ANALYZER]   Error detail: AssertionError: 1
[ANALYZER] REDEFINE error case: lines___str___8341_test.py::TestLineStrMethod::test_line_with_multiple_leaves_and_comments
[ANALYZER]   Test file: /LSPRAG/experiments/projects/old_black/src/lsprag_tests/gpt-4o-1/lines___str___8341_test.py
[ANALYZER]   Source file: /LSPRAG/experiments/projects/black/src/black/lines.py
[ANALYZER]   Symbol name: __str__
[ANALYZER]   Error detail: AssertionError: " aLeaf(prefix='', value='b')Leaf(prefix='#', value=' comment')\n" != ' a b# comment\n'
[ANALYZER] REDEFINE error case: lines_can_omit_invisible_parens_1714_test.py::TestLinesCanOmitInvisibleParens::test_penultimate_opening_bracket
[ANALYZER]   Test file: /LSPRAG/experiments/projects/old_black/src/lsprag_tests/gpt-4o-1/lines_can_omit_invisible_parens_1714_test.py
[ANALYZER]   Source file: /LSPRAG/experiments/projects/black/src/black/lines.py
[ANALYZER]   Symbol name: can_omit_invisible_parens
[ANALYZER]   Error detail: AssertionError: True is not false
[ANALYZER] REDEFINE error case: mode_get_cache_key_7329_test.py::TestMode::test_version_str_hashing
[ANALYZER]   Test file: /LSPRAG/experiments/projects/old_black/src/lsprag_tests/gpt-4o-1/mode_get_cache_key_7329_test.py
[ANALYZER]   Source file: /LSPRAG/experiments/projects/black/src/black/mode.py
[ANALYZER]   Symbol name: get_cache_key
[ANALYZER]   Error detail: AssertionError: 3 != 10
[ANALYZER] REDEFINE error case: nodes_is_one_tuple_6727_test.py::Testnodes_is_one_tuple_6727_test::test_nodes_is_one_tuple_6727_test_0
[ANALYZER]   Test file: /LSPRAG/experiments/projects/old_black/src/lsprag_tests/gpt-4o-1/nodes_is_one_tuple_6727_test.py
[ANALYZER]   Source file: /LSPRAG/experiments/projects/black/src/black/nodes.py
[ANALYZER]   Symbol name: is_one_tuple
[ANALYZER]   Error detail: AssertionError: 7
[ANALYZER] REDEFINE error case: parse_push_8719_test.py::TestParserPush::test_push_backtracking
[ANALYZER]   Test file: /LSPRAG/experiments/projects/old_black/src/lsprag_tests/gpt-4o-1/parse_push_8719_test.py
[ANALYZER]   Source file: /LSPRAG/experiments/projects/black/src/blib2to3/pgen2/parse.py
[ANALYZER]   Symbol name: push
[ANALYZER]   Error detail: AssertionError: Tuples differ: (([(1, 0)], {}), 1, (-1, None, None, None)) != (([(1, 0)], {}), 1, (None,))
[ANALYZER] REDEFINE error case: pgen_calcfirst_1325_test.py::Testpgen_calcfirst_1325_test::test_fset_is_none_recursion_detected
[ANALYZER]   Test file: /LSPRAG/experiments/projects/old_black/src/lsprag_tests/gpt-4o-1/pgen_calcfirst_1325_test.py
[ANALYZER]   Source file: /LSPRAG/experiments/projects/black/src/blib2to3/pgen2/pgen.py
[ANALYZER]   Symbol name: calcfirst
[ANALYZER]   Error detail: AssertionError: ValueError not raised
[ANALYZER] REDEFINE error case: pgen_calcfirst_1325_test.py::Testpgen_calcfirst_1325_test::test_label_not_in_dfas
[ANALYZER]   Test file: /LSPRAG/experiments/projects/old_black/src/lsprag_tests/gpt-4o-1/pgen_calcfirst_1325_test.py
[ANALYZER]   Source file: /LSPRAG/experiments/projects/black/src/blib2to3/pgen2/pgen.py
[ANALYZER]   Symbol name: calcfirst
[ANALYZER]   Error detail: AssertionError: {'A': 1} != {'A': 1, 'B': 1}
[ANALYZER] REDEFINE error case: pgen_calcfirst_1325_test.py::Testpgen_calcfirst_1325_test::test_symbol_in_inverse_mismatch
[ANALYZER]   Test file: /LSPRAG/experiments/projects/old_black/src/lsprag_tests/gpt-4o-1/pgen_calcfirst_1325_test.py
[ANALYZER]   Source file: /LSPRAG/experiments/projects/black/src/blib2to3/pgen2/pgen.py
[ANALYZER]   Symbol name: calcfirst
[ANALYZER]   Error detail: AssertionError: ValueError not raised
[ANALYZER] REDEFINE error case: pytree_optimize_8858_test.py::Testpytree_optimize_8858_test::test_subpattern_with_matching_name
[ANALYZER]   Test file: /LSPRAG/experiments/projects/old_black/src/lsprag_tests/gpt-4o-1/pytree_optimize_8858_test.py
[ANALYZER]   Source file: /LSPRAG/experiments/projects/black/src/blib2to3/pytree.py
[ANALYZER]   Symbol name: optimize
[ANALYZER]   Error detail: AssertionError: <pytree_optimize_8858_test.NodePattern object at 0x7f4f8392af50> is not <pytree_optimize_8858_test.WildcardPattern object at 0x7f4f8392af80>
[ANALYZER] REDEFINE error case: ranges__calculate_lines_mappings_8772_test.py::TestRangesCalculateLinesMappings::test_calculate_lines_mappings_initial_block
[ANALYZER]   Test file: /LSPRAG/experiments/projects/old_black/src/lsprag_tests/gpt-4o-1/ranges__calculate_lines_mappings_8772_test.py
[ANALYZER]   Source file: /LSPRAG/experiments/projects/black/src/black/ranges.py
[ANALYZER]   Symbol name: _calculate_lines_mappings
[ANALYZER]   Error detail: AssertionError: Lists differ: [_Lin[96 chars]alse), _LinesMapping(original_start=4, origina[61 chars]rue)] != [_Lin[96 chars]alse)]
[ANALYZER] REDEFINE error case: ranges__calculate_lines_mappings_8772_test.py::TestRangesCalculateLinesMappings::test_calculate_lines_mappings_multiple_blocks
[ANALYZER]   Test file: /LSPRAG/experiments/projects/old_black/src/lsprag_tests/gpt-4o-1/ranges__calculate_lines_mappings_8772_test.py
[ANALYZER]   Source file: /LSPRAG/experiments/projects/black/src/black/ranges.py
[ANALYZER]   Symbol name: _calculate_lines_mappings
[ANALYZER]   Error detail: AssertionError: Lists differ: [_Lin[309 chars]alse), _LinesMapping(original_start=5, origina[61 chars]rue)] != [_Lin[309 chars]alse)]
[ANALYZER] REDEFINE error case: ranges__calculate_lines_mappings_8772_test.py::TestRangesCalculateLinesMappings::test_calculate_lines_mappings_non_zero_start
[ANALYZER]   Test file: /LSPRAG/experiments/projects/old_black/src/lsprag_tests/gpt-4o-1/ranges__calculate_lines_mappings_8772_test.py
[ANALYZER]   Source file: /LSPRAG/experiments/projects/black/src/black/ranges.py
[ANALYZER]   Symbol name: _calculate_lines_mappings
[ANALYZER]   Error detail: AssertionError: Lists differ: [_Lin[203 chars]alse), _LinesMapping(original_start=3, origina[61 chars]rue)] != [_Lin[203 chars]alse)]
[ANALYZER] REDEFINE error case: ranges_adjusted_lines_1495_test.py::TestAdjustedLines::test_end_mapping_in_changed_block
[ANALYZER]   Test file: /LSPRAG/experiments/projects/old_black/src/lsprag_tests/gpt-4o-1/ranges_adjusted_lines_1495_test.py
[ANALYZER]   Source file: /LSPRAG/experiments/projects/black/src/black/ranges.py
[ANALYZER]   Symbol name: adjusted_lines
[ANALYZER]   Error detail: AssertionError: Lists differ: [(1, 3)] != [(1, 2)]
[ANALYZER] REDEFINE error case: ranges_adjusted_lines_1495_test.py::TestAdjustedLines::test_start_mapping_in_changed_block
[ANALYZER]   Test file: /LSPRAG/experiments/projects/old_black/src/lsprag_tests/gpt-4o-1/ranges_adjusted_lines_1495_test.py
[ANALYZER]   Source file: /LSPRAG/experiments/projects/black/src/black/ranges.py
[ANALYZER]   Symbol name: adjusted_lines
[ANALYZER]   Error detail: AssertionError: Lists differ: [(2, 3)] != [(2, 2)]
[ANALYZER] REDEFINE error case: strings_normalize_string_prefix_5060_test.py::Teststrings_normalize_string_prefix_5060_test::test_strings_normalize_string_prefix_no_u
[ANALYZER]   Test file: /LSPRAG/experiments/projects/old_black/src/lsprag_tests/gpt-4o-1/strings_normalize_string_prefix_5060_test.py
[ANALYZER]   Source file: /LSPRAG/experiments/projects/black/src/black/strings.py
[ANALYZER]   Symbol name: normalize_string_prefix
[ANALYZER]   Error detail: AssertionError: "Rf'" != "rf'example'"
[ANALYZER] REDEFINE error case: strings_normalize_string_prefix_5060_test.py::Teststrings_normalize_string_prefix_5060_test::test_strings_normalize_string_prefix_reversal
[ANALYZER]   Test file: /LSPRAG/experiments/projects/old_black/src/lsprag_tests/gpt-4o-1/strings_normalize_string_prefix_5060_test.py
[ANALYZER]   Source file: /LSPRAG/experiments/projects/black/src/black/strings.py
[ANALYZER]   Symbol name: normalize_string_prefix
[ANALYZER]   Error detail: AssertionError: "rb'" != "rb'example'"
[ANALYZER] REDEFINE error case: tokenize_tokenize_1639_test.py::TestTokenize::test_tokenize_with_empty_input
[ANALYZER]   Test file: /LSPRAG/experiments/projects/old_black/src/lsprag_tests/gpt-4o-1/tokenize_tokenize_1639_test.py
[ANALYZER]   Source file: /LSPRAG/experiments/projects/black/src/blib2to3/pgen2/tokenize.py
[ANALYZER]   Symbol name: tokenize
[ANALYZER]   Error detail: AssertionError: 1 != 0
[ANALYZER] REDEFINE error case: trans__get_break_idx_8405_test.py::TestStringSplitter_get_break_idx::test_escaped_split
[ANALYZER]   Test file: /LSPRAG/experiments/projects/old_black/src/lsprag_tests/gpt-4o-1/trans__get_break_idx_8405_test.py
[ANALYZER]   Source file: /LSPRAG/experiments/projects/black/src/black/trans.py
[ANALYZER]   Symbol name: _get_break_idx
[ANALYZER]   Error detail: AssertionError: 'abc\\, efg' is missing a starting quote character (' or ").
[ANALYZER] REDEFINE error case: trans__get_break_idx_8405_test.py::TestStringSplitter_get_break_idx::test_no_possible_split
[ANALYZER]   Test file: /LSPRAG/experiments/projects/old_black/src/lsprag_tests/gpt-4o-1/trans__get_break_idx_8405_test.py
[ANALYZER]   Source file: /LSPRAG/experiments/projects/black/src/black/trans.py
[ANALYZER]   Symbol name: _get_break_idx
[ANALYZER]   Error detail: AssertionError: 'abcdef' is missing a starting quote character (' or ").
[ANALYZER] REDEFINE error case: trans__get_break_idx_8405_test.py::TestStringSplitter_get_break_idx::test_split_on_split_safe_char
[ANALYZER]   Test file: /LSPRAG/experiments/projects/old_black/src/lsprag_tests/gpt-4o-1/trans__get_break_idx_8405_test.py
[ANALYZER]   Source file: /LSPRAG/experiments/projects/black/src/black/trans.py
[ANALYZER]   Symbol name: _get_break_idx
[ANALYZER]   Error detail: AssertionError: 'a.b.c.d.' is missing a starting quote character (' or ").
[ANALYZER] REDEFINE error case: trans__get_break_idx_8405_test.py::TestStringSplitter_get_break_idx::test_valid_split_space
[ANALYZER]   Test file: /LSPRAG/experiments/projects/old_black/src/lsprag_tests/gpt-4o-1/trans__get_break_idx_8405_test.py
[ANALYZER]   Source file: /LSPRAG/experiments/projects/black/src/black/trans.py
[ANALYZER]   Symbol name: _get_break_idx
[ANALYZER]   Error detail: AssertionError: 'int x = 10; ' is missing a starting quote character (' or ").
[ANALYZER] REDEFINE error case: trans__iter_nameescape_slices_3567_test.py::TestTransIterNameescapeSlices::test_closing_brace_condition
[ANALYZER]   Test file: /LSPRAG/experiments/projects/old_black/src/lsprag_tests/gpt-4o-1/trans__iter_nameescape_slices_3567_test.py
[ANALYZER]   Source file: /LSPRAG/experiments/projects/black/src/black/trans.py
[ANALYZER]   Symbol name: _iter_nameescape_slices
[ANALYZER]   Error detail: AssertionError: Lists differ: [(0, 6)] != [(0, 5)]
[ANALYZER] REDEFINE error case: trans_passes_all_checks_1362_test.py::TestTransPassesAllChecks::test_space_split_safe
[ANALYZER]   Test file: /LSPRAG/experiments/projects/old_black/src/lsprag_tests/gpt-4o-1/trans_passes_all_checks_1362_test.py
[ANALYZER]   Source file: /LSPRAG/experiments/projects/black/src/black/trans.py
[ANALYZER]   Symbol name: passes_all_checks
[ANALYZER]   Error detail: AssertionError: False is not true
[ANALYZER] Examination phase complete: 189 test cases examined
[ANALYZER] Still unknown error cases: 158 test cases examined
[ANALYZER] Unknown error case: __init___main_1068_test.py::TestBlackdMain::test_custom_bind_host
[ANALYZER]   Test file: /LSPRAG/experiments/projects/old_black/src/lsprag_tests/gpt-4o-1/__init___main_1068_test.py
[ANALYZER]   Source file: /LSPRAG/experiments/projects/black/src/blackd/__init__.py
[ANALYZER]   Symbol name: main
[ANALYZER]   Error detail: AssertionError: expected call not found.
[ANALYZER] Unknown error case: __init___main_1068_test.py::TestBlackdMain::test_custom_bind_port
[ANALYZER]   Test file: /LSPRAG/experiments/projects/old_black/src/lsprag_tests/gpt-4o-1/__init___main_1068_test.py
[ANALYZER]   Source file: /LSPRAG/experiments/projects/black/src/blackd/__init__.py
[ANALYZER]   Symbol name: main
[ANALYZER]   Error detail: AssertionError: expected call not found.
[ANALYZER] Unknown error case: __init___main_1068_test.py::TestBlackdMain::test_default_execution
[ANALYZER]   Test file: /LSPRAG/experiments/projects/old_black/src/lsprag_tests/gpt-4o-1/__init___main_1068_test.py
[ANALYZER]   Source file: /LSPRAG/experiments/projects/black/src/blackd/__init__.py
[ANALYZER]   Symbol name: main
[ANALYZER]   Error detail: AssertionError: expected call not found.


[ANALYZER] Unknown error case: brackets_mark_7026_test.py::Testbrackets_mark_7026::test_delimiter_with_previous
[ANALYZER]   Test file: /LSPRAG/experiments/projects/old_black/src/lsprag_tests/gpt-4o-1/brackets_mark_7026_test.py
[ANALYZER]   Source file: /LSPRAG/experiments/projects/black/src/black/brackets.py
[ANALYZER]   Symbol name: mark
[ANALYZER]   Error detail: AssertionError: 139999639931200 not found in {}
delimiters does not have the id ==> 复杂逻辑


[ANALYZER] Unknown error case: brackets_mark_7026_test.py::Testbrackets_mark_7026::test_invisible_leaf
[ANALYZER]   Test file: /LSPRAG/experiments/projects/old_black/src/lsprag_tests/gpt-4o-1/brackets_mark_7026_test.py
[ANALYZER]   Source file: /LSPRAG/experiments/projects/black/src/black/brackets.py
[ANALYZER]   Symbol name: mark
[ANALYZER]   Error detail: AssertionError: Leaf(RPAR, '') not found in []
[ANALYZER] Unknown error case: brackets_mark_7026_test.py::Testbrackets_mark_7026::test_throwing_exception_for_unmatched_brackets
[ANALYZER]   Test file: /LSPRAG/experiments/projects/old_black/src/lsprag_tests/gpt-4o-1/brackets_mark_7026_test.py
[ANALYZER]   Source file: /LSPRAG/experiments/projects/black/src/black/brackets.py
[ANALYZER]   Symbol name: mark
[ANALYZER]   Error detail: AssertionError: BracketMatchError not raised
[ANALYZER] Unknown error case: cache_get_cache_dir_9043_test.py::TestCacheGetCacheDir::test_get_cache_dir_with_env_var
[ANALYZER]   Test file: /LSPRAG/experiments/projects/old_black/src/lsprag_tests/gpt-4o-1/cache_get_cache_dir_9043_test.py
[ANALYZER]   Source file: /LSPRAG/experiments/projects/black/src/black/cache.py
[ANALYZER]   Symbol name: get_cache_dir
[ANALYZER]   Error detail: AssertionError: Expected 'user_cache_dir' to not have been called. Called 1 times.
[ANALYZER] Unknown error case: cache_is_changed_3260_test.py::TestCacheIsChanged::test_cache_is_changed_3260_test_3
[ANALYZER]   Test file: /LSPRAG/experiments/projects/old_black/src/lsprag_tests/gpt-4o-1/cache_is_changed_3260_test.py
[ANALYZER]   Source file: /LSPRAG/experiments/projects/black/src/black/cache.py
[ANALYZER]   Symbol name: is_changed
[ANALYZER]   Error detail: AssertionError: False is not true
[ANALYZER] Unknown error case: comments_generate_comments_3617_test.py::TestCommentsGenerateComments::test_standalone_comment
[ANALYZER]   Test file: /LSPRAG/experiments/projects/old_black/src/lsprag_tests/gpt-4o-1/comments_generate_comments_3617_test.py
[ANALYZER]   Source file: /LSPRAG/experiments/projects/black/src/black/comments.py
[ANALYZER]   Symbol name: generate_comments
[ANALYZER]   Error detail: AssertionError: 53 != 153
[ANALYZER] Unknown error case: comments_list_comments_1463_test.py::Testcomments_list_comments::test_escaped_newline_before_comment
[ANALYZER]   Test file: /LSPRAG/experiments/projects/old_black/src/lsprag_tests/gpt-4o-1/comments_list_comments_1463_test.py
[ANALYZER]   Source file: /LSPRAG/experiments/projects/black/src/black/comments.py
[ANALYZER]   Symbol name: list_comments
[ANALYZER]   Error detail: AssertionError: 53 != 153
[ANALYZER] Unknown error case: comments_list_comments_1463_test.py::Testcomments_list_comments::test_standalone_comment
[ANALYZER]   Test file: /LSPRAG/experiments/projects/old_black/src/lsprag_tests/gpt-4o-1/comments_list_comments_1463_test.py
[ANALYZER]   Source file: /LSPRAG/experiments/projects/black/src/black/comments.py
[ANALYZER]   Symbol name: list_comments
[ANALYZER]   Error detail: AssertionError: 53 != 153
[ANALYZER] Unknown error case: comments_list_comments_1463_test.py::Testcomments_list_comments::test_trailing_comment
[ANALYZER]   Test file: /LSPRAG/experiments/projects/old_black/src/lsprag_tests/gpt-4o-1/comments_list_comments_1463_test.py
[ANALYZER]   Source file: /LSPRAG/experiments/projects/black/src/black/comments.py
[ANALYZER]   Symbol name: list_comments
[ANALYZER]   Error detail: AssertionError: '# Trailing?' != ' # Trailing?'
[ANALYZER] Unknown error case: comments_make_comment_3730_test.py::Testcomments_make_comment_3730_test::test_comments_make_comment_with_type_comment
[ANALYZER]   Test file: /LSPRAG/experiments/projects/old_black/src/lsprag_tests/gpt-4o-1/comments_make_comment_3730_test.py
[ANALYZER]   Source file: /LSPRAG/experiments/projects/black/src/black/comments.py
[ANALYZER]   Symbol name: make_comment
[ANALYZER]   Error detail: AssertionError: '# \xa0type: ignore' != '# type: ignore'
[ANALYZER] Unknown error case: comments_normalize_trailing_prefix_2210_test.py::TestCommentsNormalizeTrailingPrefix::test_comments_normalize_trailing_prefix_2210_test_0
[ANALYZER]   Test file: /LSPRAG/experiments/projects/old_black/src/lsprag_tests/gpt-4o-1/comments_normalize_trailing_prefix_2210_test.py
[ANALYZER]   Source file: /LSPRAG/experiments/projects/black/src/black/comments.py
[ANALYZER]   Symbol name: normalize_trailing_prefix
[ANALYZER]   Error detail: AssertionError: '\n\n' != '\n'
[ANALYZER] Unknown error case: concurrency_reformat_many_7333_test.py::Testconcurrency_reformat_many_7333_test::test_default_worker_assignment
[ANALYZER]   Test file: /LSPRAG/experiments/projects/old_black/src/lsprag_tests/gpt-4o-1/concurrency_reformat_many_7333_test.py
[ANALYZER]   Source file: /LSPRAG/experiments/projects/black/src/black/concurrency.py
[ANALYZER]   Symbol name: reformat_many
[ANALYZER]   Error detail: AssertionError: concurrent.futures.Future is expected, got <MagicMock name='ProcessPoolExecutor().submit()' id='139635539481392'>
[ANALYZER] Unknown error case: concurrency_reformat_many_7333_test.py::Testconcurrency_reformat_many_7333_test::test_fallback_to_thread_pool
[ANALYZER]   Test file: /LSPRAG/experiments/projects/old_black/src/lsprag_tests/gpt-4o-1/concurrency_reformat_many_7333_test.py
[ANALYZER]   Source file: /LSPRAG/experiments/projects/black/src/black/concurrency.py
[ANALYZER]   Symbol name: reformat_many
[ANALYZER]   Error detail: AssertionError: concurrent.futures.Future is expected, got <MagicMock name='ThreadPoolExecutor().submit()' id='139635539541200'>
[ANALYZER] Unknown error case: concurrency_reformat_many_7333_test.py::Testconcurrency_reformat_many_7333_test::test_worker_cap_on_windows
[ANALYZER]   Test file: /LSPRAG/experiments/projects/old_black/src/lsprag_tests/gpt-4o-1/concurrency_reformat_many_7333_test.py
[ANALYZER]   Source file: /LSPRAG/experiments/projects/black/src/black/concurrency.py
[ANALYZER]   Symbol name: reformat_many
[ANALYZER]   Error detail: AssertionError: concurrent.futures.Future is expected, got <MagicMock name='ProcessPoolExecutor().submit()' id='139635538322976'>
[ANALYZER] Unknown error case: concurrency_schedule_formatting_3129_test.py::TestConcurrencyScheduleFormatting::test_sources_to_cache
[ANALYZER]   Test file: /LSPRAG/experiments/projects/old_black/src/lsprag_tests/gpt-4o-1/concurrency_schedule_formatting_3129_test.py
[ANALYZER]   Source file: /LSPRAG/experiments/projects/black/src/black/concurrency.py
[ANALYZER]   Symbol name: schedule_formatting
[ANALYZER]   Error detail: AssertionError: Expected 'write' to be called once. Called 0 times.
[ANALYZER] Unknown error case: debug_visit_default_8698_test.py::DebugVisitorTest::test_visit_default_leaf_node
[ANALYZER]   Test file: /LSPRAG/experiments/projects/old_black/src/lsprag_tests/gpt-4o-1/debug_visit_default_8698_test.py
[ANALYZER]   Source file: /LSPRAG/experiments/projects/black/src/black/debug.py
[ANALYZER]   Symbol name: visit_default
[ANALYZER]   Error detail: AssertionError: mock(' NAME', fg='blue', nl=False) call not found
[ANALYZER] Unknown error case: debug_visit_default_8698_test.py::DebugVisitorTest::test_visit_default_regular_node
[ANALYZER]   Test file: /LSPRAG/experiments/projects/old_black/src/lsprag_tests/gpt-4o-1/debug_visit_default_8698_test.py
[ANALYZER]   Source file: /LSPRAG/experiments/projects/black/src/black/debug.py
[ANALYZER]   Symbol name: visit_default
[ANALYZER]   Error detail: AssertionError: mock(' file_input', fg='yellow') call not found
[ANALYZER] Unknown error case: driver_load_grammar_1411_test.py::TestDriverLoadGrammar::test_save
[ANALYZER]   Test file: /LSPRAG/experiments/projects/old_black/src/lsprag_tests/gpt-4o-1/driver_load_grammar_1411_test.py
[ANALYZER]   Source file: /LSPRAG/experiments/projects/black/src/blib2to3/pgen2/driver.py
[ANALYZER]   Symbol name: load_grammar
[ANALYZER]   Error detail: AssertionError: Expected 'dump' to have been called once. Called 0 times.
[ANALYZER] Unknown error case: driver_load_grammar_1411_test.py::TestDriverLoadGrammar::test_throws_oserror
[ANALYZER]   Test file: /LSPRAG/experiments/projects/old_black/src/lsprag_tests/gpt-4o-1/driver_load_grammar_1411_test.py
[ANALYZER]   Source file: /LSPRAG/experiments/projects/black/src/blib2to3/pgen2/driver.py
[ANALYZER]   Symbol name: load_grammar
[ANALYZER]   Error detail: AssertionError: Expected 'dump' to have been called once. Called 0 times.
[ANALYZER] Unknown error case: files__path_is_ignored_3845_test.py::TestFilesPathIsIgnored::test_path_is_directory
[ANALYZER]   Test file: /LSPRAG/experiments/projects/old_black/src/lsprag_tests/gpt-4o-1/files__path_is_ignored_3845_test.py
[ANALYZER]   Source file: /LSPRAG/experiments/projects/black/src/black/files.py
[ANALYZER]   Symbol name: _path_is_ignored
[ANALYZER]   Error detail: AssertionError: False is not true
[ANALYZER] Unknown error case: files_find_project_root_4651_test.py::Testfiles_find_project_root_4651_test::test_find_project_root_without_markers
[ANALYZER]   Test file: /LSPRAG/experiments/projects/old_black/src/lsprag_tests/gpt-4o-1/files_find_project_root_4651_test.py
[ANALYZER]   Source file: /LSPRAG/experiments/projects/black/src/black/files.py
[ANALYZER]   Symbol name: find_project_root
[ANALYZER]   Error detail: AssertionError: Tuples differ: (PosixPath('/'), 'file system root') != (PosixPath('/tmp/tmpv600ngoh'), 'file system root')
[ANALYZER] Unknown error case: files_find_pyproject_toml_3984_test.py::TestFindPyprojectToml::test_find_user_pyproject_toml_raises_runtimeerror
[ANALYZER]   Test file: /LSPRAG/experiments/projects/old_black/src/lsprag_tests/gpt-4o-1/files_find_pyproject_toml_3984_test.py
[ANALYZER]   Source file: /LSPRAG/experiments/projects/black/src/black/files.py
[ANALYZER]   Symbol name: find_pyproject_toml
[ANALYZER]   Error detail: AssertionError: no logs of level ERROR or higher triggered on black.output
[ANALYZER] Unknown error case: files_find_user_pyproject_toml_1288_test.py::Testfiles_find_user_pyproject_toml::test_find_user_pyproject_toml_linux_without_xdg
[ANALYZER]   Test file: /LSPRAG/experiments/projects/old_black/src/lsprag_tests/gpt-4o-1/files_find_user_pyproject_toml_1288_test.py
[ANALYZER]   Source file: /LSPRAG/experiments/projects/black/src/black/files.py
[ANALYZER]   Symbol name: find_user_pyproject_toml
[ANALYZER]   Error detail: AssertionError: PosixPath('/home/testuser/configs/black') != PosixPath('/home/testuser/.config/black')
[ANALYZER] Unknown error case: files_find_user_pyproject_toml_1288_test.py::Testfiles_find_user_pyproject_toml::test_find_user_pyproject_toml_no_home_error
[ANALYZER]   Test file: /LSPRAG/experiments/projects/old_black/src/lsprag_tests/gpt-4o-1/files_find_user_pyproject_toml_1288_test.py
[ANALYZER]   Source file: /LSPRAG/experiments/projects/black/src/black/files.py
[ANALYZER]   Symbol name: find_user_pyproject_toml
[ANALYZER]   Error detail: AssertionError: RuntimeError not raised
[ANALYZER] Unknown error case: files_find_user_pyproject_toml_1288_test.py::Testfiles_find_user_pyproject_toml::test_find_user_pyproject_toml_permission_error
[ANALYZER]   Test file: /LSPRAG/experiments/projects/old_black/src/lsprag_tests/gpt-4o-1/files_find_user_pyproject_toml_1288_test.py
[ANALYZER]   Source file: /LSPRAG/experiments/projects/black/src/black/files.py
[ANALYZER]   Symbol name: find_user_pyproject_toml
[ANALYZER]   Error detail: AssertionError: PermissionError not raised
[ANALYZER] Unknown error case: files_find_user_pyproject_toml_1288_test.py::Testfiles_find_user_pyproject_toml::test_find_user_pyproject_toml_windows
[ANALYZER]   Test file: /LSPRAG/experiments/projects/old_black/src/lsprag_tests/gpt-4o-1/files_find_user_pyproject_toml_1288_test.py
[ANALYZER]   Source file: /LSPRAG/experiments/projects/black/src/black/files.py
[ANALYZER]   Symbol name: find_user_pyproject_toml
[ANALYZER]   Error detail: AssertionError: PosixPath('/home/testuser/configs/black') != PosixPath('/LSPRAG/experiments/projects/old_black/src[44 chars]ack')
[ANALYZER] Unknown error case: files_gen_python_files_7686_test.py::TestFilesGenPythonFiles::test_files_gen_python_files_include_match
[ANALYZER]   Test file: /LSPRAG/experiments/projects/old_black/src/lsprag_tests/gpt-4o-1/files_gen_python_files_7686_test.py
[ANALYZER]   Source file: /LSPRAG/experiments/projects/black/src/black/files.py
[ANALYZER]   Symbol name: gen_python_files
[ANALYZER]   Error detail: AssertionError: PosixPath('/project/root/included.pyi') not found in []
[ANALYZER] Unknown error case: files_gen_python_files_7686_test.py::TestFilesGenPythonFiles::test_files_gen_python_files_is_dir
[ANALYZER]   Test file: /LSPRAG/experiments/projects/old_black/src/lsprag_tests/gpt-4o-1/files_gen_python_files_7686_test.py
[ANALYZER]   Source file: /LSPRAG/experiments/projects/black/src/black/files.py
[ANALYZER]   Symbol name: gen_python_files
[ANALYZER]   Error detail: AssertionError: <generator object gen_python_files at 0x7f62a64eac70> is not false
[ANALYZER] Unknown error case: files_gen_python_files_7686_test.py::TestFilesGenPythonFiles::test_files_gen_python_files_not_gitignored
[ANALYZER]   Test file: /LSPRAG/experiments/projects/old_black/src/lsprag_tests/gpt-4o-1/files_gen_python_files_7686_test.py
[ANALYZER]   Source file: /LSPRAG/experiments/projects/black/src/black/files.py
[ANALYZER]   Symbol name: gen_python_files
[ANALYZER]   Error detail: AssertionError: PosixPath('/project/root/not_excluded.py') not found in []
[ANALYZER] Unknown error case: files_get_gitignore_2986_test.py::TestFilesGetGitignore::test_gitignore_with_invalid_patterns
[ANALYZER]   Test file: /LSPRAG/experiments/projects/old_black/src/lsprag_tests/gpt-4o-1/files_get_gitignore_2986_test.py
[ANALYZER]   Source file: /LSPRAG/experiments/projects/black/src/black/files.py
[ANALYZER]   Symbol name: get_gitignore
[ANALYZER]   Error detail: AssertionError: GitWildMatchPatternError not raised
[ANALYZER] Unknown error case: files_get_gitignore_2986_test.py::TestFilesGetGitignore::test_gitignore_with_valid_patterns
[ANALYZER]   Test file: /LSPRAG/experiments/projects/old_black/src/lsprag_tests/gpt-4o-1/files_get_gitignore_2986_test.py
[ANALYZER]   Source file: /LSPRAG/experiments/projects/black/src/black/files.py
[ANALYZER]   Symbol name: get_gitignore
[ANALYZER]   Error detail: AssertionError: False is not true
[ANALYZER] Unknown error case: files_infer_target_version_2311_test.py::Testfiles_infer_target_version_2311_test::test_invalid_specifier
[ANALYZER]   Test file: /LSPRAG/experiments/projects/old_black/src/lsprag_tests/gpt-4o-1/files_infer_target_version_2311_test.py
[ANALYZER]   Source file: /LSPRAG/experiments/projects/black/src/black/files.py
[ANALYZER]   Symbol name: infer_target_version
[ANALYZER]   Error detail: AssertionError: (<class 'packaging.specifiers.InvalidSpecifier'>, <class 'packaging.version.InvalidVersion'>) not raised
[ANALYZER] Unknown error case: files_infer_target_version_2311_test.py::Testfiles_infer_target_version_2311_test::test_invalid_version
[ANALYZER]   Test file: /LSPRAG/experiments/projects/old_black/src/lsprag_tests/gpt-4o-1/files_infer_target_version_2311_test.py
[ANALYZER]   Source file: /LSPRAG/experiments/projects/black/src/black/files.py
[ANALYZER]   Symbol name: infer_target_version
[ANALYZER]   Error detail: AssertionError: InvalidVersion not raised
[ANALYZER] Unknown error case: files_infer_target_version_2311_test.py::Testfiles_infer_target_version_2311_test::test_requires_python_not_none_valid_version
[ANALYZER]   Test file: /LSPRAG/experiments/projects/old_black/src/lsprag_tests/gpt-4o-1/files_infer_target_version_2311_test.py
[ANALYZER]   Source file: /LSPRAG/experiments/projects/black/src/black/files.py
[ANALYZER]   Symbol name: infer_target_version
[ANALYZER]   Error detail: AssertionError: Lists differ: [<Tar[14 chars]6: 6>, <TargetVersion.PY37: 7>, <TargetVersion[138 chars] 13>] != [<Tar[14 chars]6: 6>]
[ANALYZER] Unknown error case: grammar_report_1228_test.py::TestGrammarReport::test_report_method_output
[ANALYZER]   Test file: /LSPRAG/experiments/projects/old_black/src/lsprag_tests/gpt-4o-1/grammar_report_1228_test.py
[ANALYZER]   Source file: /LSPRAG/experiments/projects/black/src/blib2to3/pgen2/grammar.py
[ANALYZER]   Symbol name: report
[ANALYZER]   Error detail: AssertionError: "s2n\[33 chars]2s\n{1: 'statement', 256: 'root'}\nstates\n{0:[102 chars]56\n" != "s2n\[33 chars]2s\n{256: 'root', 1: 'statement'}\nstates\n{0:[102 chars]56\n"
[ANALYZER] Unknown error case: handle_ipynb_magics_replace_magics_8969_test.py::Testhandle_ipynb_magics_replace_magics_8969_test::test_handle_ipynb_magics_replace_magics_8969_test_1
[ANALYZER]   Test file: /LSPRAG/experiments/projects/old_black/src/lsprag_tests/gpt-4o-1/handle_ipynb_magics_replace_magics_8969_test.py
[ANALYZER]   Source file: /LSPRAG/experiments/projects/black/src/black/handle_ipynb_magics.py
[ANALYZER]   Symbol name: replace_magics
[ANALYZER]   Error detail: AssertionError: AssertionError not raised
[ANALYZER] Unknown error case: handle_ipynb_magics_replace_magics_8969_test.py::Testhandle_ipynb_magics_replace_magics_8969_test::test_handle_ipynb_magics_replace_magics_valid_single_magic
[ANALYZER]   Test file: /LSPRAG/experiments/projects/old_black/src/lsprag_tests/gpt-4o-1/handle_ipynb_magics_replace_magics_8969_test.py
[ANALYZER]   Source file: /LSPRAG/experiments/projects/black/src/black/handle_ipynb_magics.py
[ANALYZER]   Symbol name: replace_magics
[ANALYZER]   Error detail: AssertionError: '%matplotlib inline' != "get_ipython().run_line_magic('matplotlib', 'inline')"
[ANALYZER] Unknown error case: linegen__ensure_trailing_comma_5068_test.py::TestLinegenEnsureTrailingComma::test_no_leaves_with_parent
[ANALYZER]   Test file: /LSPRAG/experiments/projects/old_black/src/lsprag_tests/gpt-4o-1/linegen__ensure_trailing_comma_5068_test.py
[ANALYZER]   Source file: /LSPRAG/experiments/projects/black/src/black/linegen.py
[ANALYZER]   Symbol name: _ensure_trailing_comma
[ANALYZER]   Error detail: AssertionError: False is not true
[ANALYZER] Unknown error case: linegen__ensure_trailing_comma_5068_test.py::TestLinegenEnsureTrailingComma::test_pep_604_unions
[ANALYZER]   Test file: /LSPRAG/experiments/projects/old_black/src/lsprag_tests/gpt-4o-1/linegen__ensure_trailing_comma_5068_test.py
[ANALYZER]   Source file: /LSPRAG/experiments/projects/black/src/black/linegen.py
[ANALYZER]   Symbol name: _ensure_trailing_comma
[ANALYZER]   Error detail: AssertionError: 7
[ANALYZER] Unknown error case: linegen__ensure_trailing_comma_5068_test.py::TestLinegenEnsureTrailingComma::test_return_type_annotation
[ANALYZER]   Test file: /LSPRAG/experiments/projects/old_black/src/lsprag_tests/gpt-4o-1/linegen__ensure_trailing_comma_5068_test.py
[ANALYZER]   Source file: /LSPRAG/experiments/projects/black/src/black/linegen.py
[ANALYZER]   Symbol name: _ensure_trailing_comma
[ANALYZER]   Error detail: AssertionError: 55
[ANALYZER] Unknown error case: linegen__maybe_wrap_cms_in_parens_2964_test.py::TestMaybeWrapCMSInParens::test_no_action_due_to_conditions
[ANALYZER]   Test file: /LSPRAG/experiments/projects/old_black/src/lsprag_tests/gpt-4o-1/linegen__maybe_wrap_cms_in_parens_2964_test.py
[ANALYZER]   Source file: /LSPRAG/experiments/projects/black/src/black/linegen.py
[ANALYZER]   Symbol name: _maybe_wrap_cms_in_parens
[ANALYZER]   Error detail: AssertionError: 267 != 329
[ANALYZER] Unknown error case: linegen__maybe_wrap_cms_in_parens_2964_test.py::TestMaybeWrapCMSInParens::test_wrap_context_managers
[ANALYZER]   Test file: /LSPRAG/experiments/projects/old_black/src/lsprag_tests/gpt-4o-1/linegen__maybe_wrap_cms_in_parens_2964_test.py
[ANALYZER]   Source file: /LSPRAG/experiments/projects/black/src/black/linegen.py
[ANALYZER]   Symbol name: _maybe_wrap_cms_in_parens
[ANALYZER]   Error detail: AssertionError: Node(testlist_gexp, [Node(suite, [Leaf(NAME, 'context')])]) != Node(suite, [Leaf(NAME, 'context')])
[ANALYZER] Unknown error case: linegen_remove_await_parens_1973_test.py::Testlinegen_remove_await_parens_1973_test::test_maybe_make_parens_returns_true
[ANALYZER]   Test file: /LSPRAG/experiments/projects/old_black/src/lsprag_tests/gpt-4o-1/linegen_remove_await_parens_1973_test.py
[ANALYZER]   Source file: /LSPRAG/experiments/projects/black/src/black/linegen.py
[ANALYZER]   Symbol name: remove_await_parens
[ANALYZER]   Error detail: AssertionError: False is not true
[ANALYZER] Unknown error case: linegen_remove_with_parens_1255_test.py::TestLinegenRemoveWithParens::test_isinstance_node_children
[ANALYZER]   Test file: /LSPRAG/experiments/projects/old_black/src/lsprag_tests/gpt-4o-1/linegen_remove_with_parens_1255_test.py
[ANALYZER]   Source file: /LSPRAG/experiments/projects/black/src/black/linegen.py
[ANALYZER]   Symbol name: remove_with_parens
[ANALYZER]   Error detail: AssertionError: 0
[ANALYZER] Unknown error case: linegen_remove_with_parens_1255_test.py::TestLinegenRemoveWithParens::test_node_type_atom
[ANALYZER]   Test file: /LSPRAG/experiments/projects/old_black/src/lsprag_tests/gpt-4o-1/linegen_remove_with_parens_1255_test.py
[ANALYZER]   Source file: /LSPRAG/experiments/projects/black/src/black/linegen.py
[ANALYZER]   Symbol name: remove_with_parens
[ANALYZER]   Error detail: AssertionError: 0
[ANALYZER] Unknown error case: lines__can_omit_closing_paren_9331_test.py::TestLinesCanOmitClosingParen::test_lines__can_omit_closing_paren_leaf_type_in_opening_brackets
[ANALYZER]   Test file: /LSPRAG/experiments/projects/old_black/src/lsprag_tests/gpt-4o-1/lines__can_omit_closing_paren_9331_test.py
[ANALYZER]   Source file: /LSPRAG/experiments/projects/black/src/black/lines.py
[ANALYZER]   Symbol name: _can_omit_closing_paren
[ANALYZER]   Error detail: AssertionError: True is not false
[ANALYZER] Unknown error case: lines__can_omit_closing_paren_9331_test.py::TestLinesCanOmitClosingParen::test_lines__can_omit_closing_paren_seen_other_brackets_or_length
[ANALYZER]   Test file: /LSPRAG/experiments/projects/old_black/src/lsprag_tests/gpt-4o-1/lines__can_omit_closing_paren_9331_test.py
[ANALYZER]   Source file: /LSPRAG/experiments/projects/black/src/black/lines.py
[ANALYZER]   Symbol name: _can_omit_closing_paren
[ANALYZER]   Error detail: AssertionError: False is not true
[ANALYZER] Unknown error case: lines_append_5810_test.py::Testlines_append_5810_test::test_lines_append_5810_test_3
[ANALYZER]   Test file: /LSPRAG/experiments/projects/old_black/src/lsprag_tests/gpt-4o-1/lines_append_5810_test.py
[ANALYZER]   Source file: /LSPRAG/experiments/projects/black/src/black/lines.py
[ANALYZER]   Symbol name: append
[ANALYZER]   Error detail: AssertionError: INTERNAL ERROR: hand-made leaf without parent: Leaf(COLON, ':')
[ANALYZER] Unknown error case: lines_append_comment_4640_test.py::TestLineAppendComment::test_few_leaves_rpar
[ANALYZER]   Test file: /LSPRAG/experiments/projects/old_black/src/lsprag_tests/gpt-4o-1/lines_append_comment_4640_test.py
[ANALYZER]   Source file: /LSPRAG/experiments/projects/black/src/black/lines.py
[ANALYZER]   Symbol name: append_comment
[ANALYZER]   Error detail: AssertionError: 7
[ANALYZER] Unknown error case: lines_append_comment_4640_test.py::TestLineAppendComment::test_last_leaf_constraints
[ANALYZER]   Test file: /LSPRAG/experiments/projects/old_black/src/lsprag_tests/gpt-4o-1/lines_append_comment_4640_test.py
[ANALYZER]   Source file: /LSPRAG/experiments/projects/black/src/black/lines.py
[ANALYZER]   Symbol name: append_comment
[ANALYZER]   Error detail: AssertionError: 7
[ANALYZER] Unknown error case: lines_append_leaves_5949_test.py::TestLinesAppendLeaves::test_append_leaves_basic
[ANALYZER]   Test file: /LSPRAG/experiments/projects/old_black/src/lsprag_tests/gpt-4o-1/lines_append_leaves_5949_test.py
[ANALYZER]   Source file: /LSPRAG/experiments/projects/black/src/black/lines.py
[ANALYZER]   Symbol name: append_leaves
[ANALYZER]   Error detail: AssertionError: INTERNAL ERROR: hand-made leaf without parent: Leaf(NAME, 'b')
[ANALYZER] Unknown error case: lines_append_leaves_5949_test.py::TestLinesAppendLeaves::test_append_leaves_with_comments
[ANALYZER]   Test file: /LSPRAG/experiments/projects/old_black/src/lsprag_tests/gpt-4o-1/lines_append_leaves_5949_test.py
[ANALYZER]   Source file: /LSPRAG/experiments/projects/black/src/black/lines.py
[ANALYZER]   Symbol name: append_leaves
[ANALYZER]   Error detail: AssertionError: 1 != 2
[ANALYZER] Unknown error case: lines_can_be_split_8358_test.py::Testlines_can_be_split_8358_test::test_lines_can_be_split_leaf_is_dot
[ANALYZER]   Test file: /LSPRAG/experiments/projects/old_black/src/lsprag_tests/gpt-4o-1/lines_can_be_split_8358_test.py
[ANALYZER]   Source file: /LSPRAG/experiments/projects/black/src/black/lines.py
[ANALYZER]   Symbol name: can_be_split
[ANALYZER]   Error detail: AssertionError: False is not true
[ANALYZER] Unknown error case: lines_can_be_split_8358_test.py::Testlines_can_be_split_8358_test::test_lines_can_be_split_leaf_is_name
[ANALYZER]   Test file: /LSPRAG/experiments/projects/old_black/src/lsprag_tests/gpt-4o-1/lines_can_be_split_8358_test.py
[ANALYZER]   Source file: /LSPRAG/experiments/projects/black/src/black/lines.py
[ANALYZER]   Symbol name: can_be_split
[ANALYZER]   Error detail: AssertionError: False is not true
[ANALYZER] Unknown error case: lines_can_be_split_8358_test.py::Testlines_can_be_split_8358_test::test_lines_can_be_split_opening_bracket
[ANALYZER]   Test file: /LSPRAG/experiments/projects/old_black/src/lsprag_tests/gpt-4o-1/lines_can_be_split_8358_test.py
[ANALYZER]   Source file: /LSPRAG/experiments/projects/black/src/black/lines.py
[ANALYZER]   Symbol name: can_be_split
[ANALYZER]   Error detail: AssertionError: False is not true
[ANALYZER] Unknown error case: lines_can_be_split_8358_test.py::Testlines_can_be_split_8358_test::test_lines_can_be_split_string_dot
[ANALYZER]   Test file: /LSPRAG/experiments/projects/old_black/src/lsprag_tests/gpt-4o-1/lines_can_be_split_8358_test.py
[ANALYZER]   Source file: /LSPRAG/experiments/projects/black/src/black/lines.py
[ANALYZER]   Symbol name: can_be_split
[ANALYZER]   Error detail: AssertionError: False is not true
[ANALYZER] Unknown error case: lines_has_magic_trailing_comma_3956_test.py::TestLinesHasMagicTrailingComma::test_closing_brace
[ANALYZER]   Test file: /LSPRAG/experiments/projects/old_black/src/lsprag_tests/gpt-4o-1/lines_has_magic_trailing_comma_3956_test.py
[ANALYZER]   Source file: /LSPRAG/experiments/projects/black/src/black/lines.py
[ANALYZER]   Symbol name: has_magic_trailing_comma
[ANALYZER]   Error detail: AssertionError: False is not true
[ANALYZER] Unknown error case: lines_has_magic_trailing_comma_3956_test.py::TestLinesHasMagicTrailingComma::test_closing_square_bracket
[ANALYZER]   Test file: /LSPRAG/experiments/projects/old_black/src/lsprag_tests/gpt-4o-1/lines_has_magic_trailing_comma_3956_test.py
[ANALYZER]   Source file: /LSPRAG/experiments/projects/black/src/black/lines.py
[ANALYZER]   Symbol name: has_magic_trailing_comma
[ANALYZER]   Error detail: AssertionError: False is not true
[ANALYZER] Unknown error case: lines_has_magic_trailing_comma_3956_test.py::TestLinesHasMagicTrailingComma::test_import_statement
[ANALYZER]   Test file: /LSPRAG/experiments/projects/old_black/src/lsprag_tests/gpt-4o-1/lines_has_magic_trailing_comma_3956_test.py
[ANALYZER]   Source file: /LSPRAG/experiments/projects/black/src/black/lines.py
[ANALYZER]   Symbol name: has_magic_trailing_comma
[ANALYZER]   Error detail: AssertionError: False is not true
[ANALYZER] Unknown error case: lines_has_magic_trailing_comma_3956_test.py::TestLinesHasMagicTrailingComma::test_more_than_one_sequence_between_brackets
[ANALYZER]   Test file: /LSPRAG/experiments/projects/old_black/src/lsprag_tests/gpt-4o-1/lines_has_magic_trailing_comma_3956_test.py
[ANALYZER]   Source file: /LSPRAG/experiments/projects/black/src/black/lines.py
[ANALYZER]   Symbol name: has_magic_trailing_comma
[ANALYZER]   Error detail: AssertionError: False is not true
[ANALYZER] Unknown error case: lines_has_magic_trailing_comma_3956_test.py::TestLinesHasMagicTrailingComma::test_trailer_subscript
[ANALYZER]   Test file: /LSPRAG/experiments/projects/old_black/src/lsprag_tests/gpt-4o-1/lines_has_magic_trailing_comma_3956_test.py
[ANALYZER]   Source file: /LSPRAG/experiments/projects/black/src/black/lines.py
[ANALYZER]   Symbol name: has_magic_trailing_comma
[ANALYZER]   Error detail: AssertionError: 337
[ANALYZER] Unknown error case: lines_is_line_short_enough_8695_test.py::TestLinesIsLineShortEnough::test_contains_standalone_comments
[ANALYZER]   Test file: /LSPRAG/experiments/projects/old_black/src/lsprag_tests/gpt-4o-1/lines_is_line_short_enough_8695_test.py
[ANALYZER]   Source file: /LSPRAG/experiments/projects/black/src/black/lines.py
[ANALYZER]   Symbol name: is_line_short_enough
[ANALYZER]   Error detail: AssertionError: False is not true
[ANALYZER] Unknown error case: lines_is_line_short_enough_8695_test.py::TestLinesIsLineShortEnough::test_had_comma_greater_than_zero
[ANALYZER]   Test file: /LSPRAG/experiments/projects/old_black/src/lsprag_tests/gpt-4o-1/lines_is_line_short_enough_8695_test.py
[ANALYZER]   Source file: /LSPRAG/experiments/projects/black/src/black/lines.py
[ANALYZER]   Symbol name: is_line_short_enough
[ANALYZER]   Error detail: AssertionError: True is not false
[ANALYZER] Unknown error case: lines_is_line_short_enough_8695_test.py::TestLinesIsLineShortEnough::test_multiline_handling_not_in_mode
[ANALYZER]   Test file: /LSPRAG/experiments/projects/old_black/src/lsprag_tests/gpt-4o-1/lines_is_line_short_enough_8695_test.py
[ANALYZER]   Source file: /LSPRAG/experiments/projects/black/src/black/lines.py
[ANALYZER]   Symbol name: is_line_short_enough
[ANALYZER]   Error detail: AssertionError: True is not false
[ANALYZER] Unknown error case: lines_is_line_short_enough_8695_test.py::TestLinesIsLineShortEnough::test_not_line_str
[ANALYZER]   Test file: /LSPRAG/experiments/projects/old_black/src/lsprag_tests/gpt-4o-1/lines_is_line_short_enough_8695_test.py
[ANALYZER]   Source file: /LSPRAG/experiments/projects/black/src/black/lines.py
[ANALYZER]   Symbol name: is_line_short_enough
[ANALYZER]   Error detail: AssertionError: True is not false
[ANALYZER] Unknown error case: nodes_container_of_9615_test.py::TestContainerOf::test_first_child_prefix_differs
[ANALYZER]   Test file: /LSPRAG/experiments/projects/old_black/src/lsprag_tests/gpt-4o-1/nodes_container_of_9615_test.py
[ANALYZER]   Source file: /LSPRAG/experiments/projects/black/src/black/nodes.py
[ANALYZER]   Symbol name: container_of
[ANALYZER]   Error detail: AssertionError: 7
[ANALYZER] Unknown error case: nodes_container_of_9615_test.py::TestContainerOf::test_prev_sibling_in_brackets
[ANALYZER]   Test file: /LSPRAG/experiments/projects/old_black/src/lsprag_tests/gpt-4o-1/nodes_container_of_9615_test.py
[ANALYZER]   Source file: /LSPRAG/experiments/projects/black/src/black/nodes.py
[ANALYZER]   Symbol name: container_of
[ANALYZER]   Error detail: AssertionError: 10
[ANALYZER] Unknown error case: nodes_is_docstring_4893_test.py::TestNodesIsDocstring::test_is_leaf
[ANALYZER]   Test file: /LSPRAG/experiments/projects/old_black/src/lsprag_tests/gpt-4o-1/nodes_is_docstring_4893_test.py
[ANALYZER]   Source file: /LSPRAG/experiments/projects/black/src/black/nodes.py
[ANALYZER]   Symbol name: is_docstring
[ANALYZER]   Error detail: AssertionError: False is not true
[ANALYZER] Unknown error case: nodes_is_vararg_4082_test.py::Testnodes_is_vararg_4082_test::test_nodes_is_vararg_4082_test_2
[ANALYZER]   Test file: /LSPRAG/experiments/projects/old_black/src/lsprag_tests/gpt-4o-1/nodes_is_vararg_4082_test.py
[ANALYZER]   Source file: /LSPRAG/experiments/projects/black/src/black/nodes.py
[ANALYZER]   Symbol name: is_vararg
[ANALYZER]   Error detail: AssertionError: False is not true
[ANALYZER] Unknown error case: nodes_replace_child_8286_test.py::Testnodes_replace_child_8286_test::test_nodes_replace_child_child_idx_none
[ANALYZER]   Test file: /LSPRAG/experiments/projects/old_black/src/lsprag_tests/gpt-4o-1/nodes_replace_child_8286_test.py
[ANALYZER]   Source file: /LSPRAG/experiments/projects/black/src/black/nodes.py
[ANALYZER]   Symbol name: replace_child
[ANALYZER]   Error detail: AssertionError: 1
[ANALYZER] Unknown error case: nodes_replace_child_8286_test.py::Testnodes_replace_child_8286_test::test_nodes_replace_child_child_idx_not_none
[ANALYZER]   Test file: /LSPRAG/experiments/projects/old_black/src/lsprag_tests/gpt-4o-1/nodes_replace_child_8286_test.py
[ANALYZER]   Source file: /LSPRAG/experiments/projects/black/src/black/nodes.py
[ANALYZER]   Symbol name: replace_child
[ANALYZER]   Error detail: AssertionError: 1
[ANALYZER] Unknown error case: nodes_unwrap_singleton_parenthesis_7294_test.py::Testnodes_unwrap_singleton_parenthesis_7294_test::test_nodes_unwrap_singleton_parenthesis_7294_test_0
[ANALYZER]   Test file: /LSPRAG/experiments/projects/old_black/src/lsprag_tests/gpt-4o-1/nodes_unwrap_singleton_parenthesis_7294_test.py
[ANALYZER]   Source file: /LSPRAG/experiments/projects/black/src/black/nodes.py
[ANALYZER]   Symbol name: unwrap_singleton_parenthesis
[ANALYZER]   Error detail: AssertionError: 0
[ANALYZER] Unknown error case: nodes_unwrap_singleton_parenthesis_7294_test.py::Testnodes_unwrap_singleton_parenthesis_7294_test::test_nodes_unwrap_singleton_parenthesis_7294_test_1
[ANALYZER]   Test file: /LSPRAG/experiments/projects/old_black/src/lsprag_tests/gpt-4o-1/nodes_unwrap_singleton_parenthesis_7294_test.py
[ANALYZER]   Source file: /LSPRAG/experiments/projects/black/src/black/nodes.py
[ANALYZER]   Symbol name: unwrap_singleton_parenthesis
[ANALYZER]   Error detail: AssertionError: 0
[ANALYZER] Unknown error case: nodes_unwrap_singleton_parenthesis_7294_test.py::Testnodes_unwrap_singleton_parenthesis_7294_test::test_nodes_unwrap_singleton_parenthesis_with_valid_node
[ANALYZER]   Test file: /LSPRAG/experiments/projects/old_black/src/lsprag_tests/gpt-4o-1/nodes_unwrap_singleton_parenthesis_7294_test.py
[ANALYZER]   Source file: /LSPRAG/experiments/projects/black/src/black/nodes.py
[ANALYZER]   Symbol name: unwrap_singleton_parenthesis
[ANALYZER]   Error detail: AssertionError: 0
[ANALYZER] Unknown error case: nodes_whitespace_3467_test.py::TestNodesWhitespace::test_no_preceding_leaf_or_opening_bracket
[ANALYZER]   Test file: /LSPRAG/experiments/projects/old_black/src/lsprag_tests/gpt-4o-1/nodes_whitespace_3467_test.py
[ANALYZER]   Source file: /LSPRAG/experiments/projects/black/src/black/nodes.py
[ANALYZER]   Symbol name: whitespace
[ANALYZER]   Error detail: AssertionError: '' != ' '
[ANALYZER] Unknown error case: output__splitlines_no_ff_8588_test.py::TestOutputSplitlinesNoFF::test_multiple_lines_with_trailing_newline
[ANALYZER]   Test file: /LSPRAG/experiments/projects/old_black/src/lsprag_tests/gpt-4o-1/output__splitlines_no_ff_8588_test.py
[ANALYZER]   Source file: /LSPRAG/experiments/projects/black/src/black/output.py
[ANALYZER]   Symbol name: _splitlines_no_ff
[ANALYZER]   Error detail: AssertionError: Lists differ: ['line1\n', 'line2\n'] != ['line1', 'line2']
[ANALYZER] Unknown error case: output__splitlines_no_ff_8588_test.py::TestOutputSplitlinesNoFF::test_trailing_newline
[ANALYZER]   Test file: /LSPRAG/experiments/projects/old_black/src/lsprag_tests/gpt-4o-1/output__splitlines_no_ff_8588_test.py
[ANALYZER]   Source file: /LSPRAG/experiments/projects/black/src/black/output.py
[ANALYZER]   Symbol name: _splitlines_no_ff
[ANALYZER]   Error detail: AssertionError: Lists differ: ['line1\n'] != ['line1']
[ANALYZER] Unknown error case: output__splitlines_no_ff_8588_test.py::TestOutputSplitlinesNoFF::test_with_form_feed_ignored
[ANALYZER]   Test file: /LSPRAG/experiments/projects/old_black/src/lsprag_tests/gpt-4o-1/output__splitlines_no_ff_8588_test.py
[ANALYZER]   Source file: /LSPRAG/experiments/projects/black/src/black/output.py
[ANALYZER]   Symbol name: _splitlines_no_ff
[ANALYZER]   Error detail: AssertionError: Lists differ: ['line1\x0c\n', 'line2'] != ['line1', 'line2']
[ANALYZER] Unknown error case: output_diff_1209_test.py::TestOutputDiff::test_diff_with_incomplete_lines
[ANALYZER]   Test file: /LSPRAG/experiments/projects/old_black/src/lsprag_tests/gpt-4o-1/output_diff_1209_test.py
[ANALYZER]   Source file: /LSPRAG/experiments/projects/black/src/black/output.py
[ANALYZER]   Symbol name: diff
[ANALYZER]   Error detail: AssertionError: '--- [29 chars]1,2 @@\n line1\n-line2\n\\ No newline at end of file\n+line2\n' != '--- [29 chars]1,2 @@\n line1\n-line2+line2\n\\ No newline at end of file\n'
[ANALYZER] Unknown error case: output_dump_to_file_1378_test.py::Testoutput_dump_to_file_1378_test::test_single_newline
[ANALYZER]   Test file: /LSPRAG/experiments/projects/old_black/src/lsprag_tests/gpt-4o-1/output_dump_to_file_1378_test.py
[ANALYZER]   Source file: /LSPRAG/experiments/projects/black/src/black/output.py
[ANALYZER]   Symbol name: dump_to_file
[ANALYZER]   Error detail: AssertionError: '\r\n' != '\n'
[ANALYZER] Unknown error case: parse_addtoken_3501_test.py::Testparse_addtoken_3501_test::test_parse_addtoken_comment_or_newline
[ANALYZER]   Test file: /LSPRAG/experiments/projects/old_black/src/lsprag_tests/gpt-4o-1/parse_addtoken_3501_test.py
[ANALYZER]   Source file: /LSPRAG/experiments/projects/black/src/blib2to3/pgen2/parse.py
[ANALYZER]   Symbol name: addtoken
[ANALYZER]   Error detail: AssertionError: Expected 'mock' to not have been called. Called 1 times.
[ANALYZER] Unknown error case: parsing__stringify_ast_6475_test.py::TestStringifyAST::test_delete_with_tuple_targets
[ANALYZER]   Test file: /LSPRAG/experiments/projects/old_black/src/lsprag_tests/gpt-4o-1/parsing__stringify_ast_6475_test.py
[ANALYZER]   Source file: /LSPRAG/experiments/projects/black/src/black/parsing.py
[ANALYZER]   Symbol name: _stringify_ast
[ANALYZER]   Error detail: AssertionError: 'Tuple(' not found in '    )  # /Name'
[ANALYZER] Unknown error case: parsing__stringify_ast_6475_test.py::TestStringifyAST::test_docstring_normalization
[ANALYZER]   Test file: /LSPRAG/experiments/projects/old_black/src/lsprag_tests/gpt-4o-1/parsing__stringify_ast_6475_test.py
[ANALYZER]   Source file: /LSPRAG/experiments/projects/black/src/black/parsing.py
[ANALYZER]   Symbol name: _stringify_ast
[ANALYZER]   Error detail: AssertionError: "'My Docstring\\n More...',  # str" not found in '            )  # /Constant'
[ANALYZER] Unknown error case: parsing__stringify_ast_6475_test.py::TestStringifyAST::test_type_comment_normalization
[ANALYZER]   Test file: /LSPRAG/experiments/projects/old_black/src/lsprag_tests/gpt-4o-1/parsing__stringify_ast_6475_test.py
[ANALYZER]   Source file: /LSPRAG/experiments/projects/black/src/black/parsing.py
[ANALYZER]   Symbol name: _stringify_ast
[ANALYZER]   Error detail: AssertionError: "'# type: int',  # str" not found in "    '  # type: int',  # str"
[ANALYZER] Unknown error case: parsing_get_grammars_6216_test.py::TestGetGrammars::test_no_async_identifiers_or_pattern_matching
[ANALYZER]   Test file: /LSPRAG/experiments/projects/old_black/src/lsprag_tests/gpt-4o-1/parsing_get_grammars_6216_test.py
[ANALYZER]   Source file: /LSPRAG/experiments/projects/black/src/black/parsing.py
[ANALYZER]   Symbol name: get_grammars
[ANALYZER]   Error detail: AssertionError: Lists differ: [<blib2to3.pgen2.grammar.Grammar object at 0x7f24cd27da20>] != [<blib2to3.pgen2.grammar.Grammar object at 0x7f24cd27dc90>]
[ANALYZER] Unknown error case: pgen_simplify_dfa_7454_test.py::TestpgenSimplifyDfa::test_changes_set_to_true_when_states_unified
[ANALYZER]   Test file: /LSPRAG/experiments/projects/old_black/src/lsprag_tests/gpt-4o-1/pgen_simplify_dfa_7454_test.py
[ANALYZER]   Source file: /LSPRAG/experiments/projects/black/src/blib2to3/pgen2/pgen.py
[ANALYZER]   Symbol name: simplify_dfa
[ANALYZER]   Error detail: AssertionError: Expected 'unifystate' to have been called.
[ANALYZER] Unknown error case: pgen_simplify_dfa_7454_test.py::TestpgenSimplifyDfa::test_state_equality_check
[ANALYZER]   Test file: /LSPRAG/experiments/projects/old_black/src/lsprag_tests/gpt-4o-1/pgen_simplify_dfa_7454_test.py
[ANALYZER]   Source file: /LSPRAG/experiments/projects/black/src/blib2to3/pgen2/pgen.py
[ANALYZER]   Symbol name: simplify_dfa
[ANALYZER]   Error detail: AssertionError: expected call not found.
[ANALYZER] Unknown error case: pytree_convert_5728_test.py::Testpytree_convert_5728_test::test_pytree_convert_5728_test_0
[ANALYZER]   Test file: /LSPRAG/experiments/projects/old_black/src/lsprag_tests/gpt-4o-1/pytree_convert_5728_test.py
[ANALYZER]   Source file: /LSPRAG/experiments/projects/black/src/blib2to3/pytree.py
[ANALYZER]   Symbol name: convert
[ANALYZER]   Error detail: AssertionError: 1
[ANALYZER] Unknown error case: pytree_convert_5728_test.py::Testpytree_convert_5728_test::test_pytree_convert_5728_test_1
[ANALYZER]   Test file: /LSPRAG/experiments/projects/old_black/src/lsprag_tests/gpt-4o-1/pytree_convert_5728_test.py
[ANALYZER]   Source file: /LSPRAG/experiments/projects/black/src/blib2to3/pytree.py
[ANALYZER]   Symbol name: convert
[ANALYZER]   Error detail: AssertionError: 1
[ANALYZER] Unknown error case: pytree_next_sibling_3077_test.py::TestPytreeNextSibling::test_next_sibling_exists
[ANALYZER]   Test file: /LSPRAG/experiments/projects/old_black/src/lsprag_tests/gpt-4o-1/pytree_next_sibling_3077_test.py
[ANALYZER]   Source file: /LSPRAG/experiments/projects/black/src/blib2to3/pytree.py
[ANALYZER]   Symbol name: next_sibling
[ANALYZER]   Error detail: AssertionError: Cannot instantiate Base
[ANALYZER] Unknown error case: pytree_next_sibling_3077_test.py::TestPytreeNextSibling::test_next_sibling_map_initially_none
[ANALYZER]   Test file: /LSPRAG/experiments/projects/old_black/src/lsprag_tests/gpt-4o-1/pytree_next_sibling_3077_test.py
[ANALYZER]   Source file: /LSPRAG/experiments/projects/black/src/blib2to3/pytree.py
[ANALYZER]   Symbol name: next_sibling
[ANALYZER]   Error detail: AssertionError: Cannot instantiate Base
[ANALYZER] Unknown error case: pytree_next_sibling_3077_test.py::TestPytreeNextSibling::test_next_sibling_no_parent
[ANALYZER]   Test file: /LSPRAG/experiments/projects/old_black/src/lsprag_tests/gpt-4o-1/pytree_next_sibling_3077_test.py
[ANALYZER]   Source file: /LSPRAG/experiments/projects/black/src/blib2to3/pytree.py
[ANALYZER]   Symbol name: next_sibling
[ANALYZER]   Error detail: AssertionError: Cannot instantiate Base
[ANALYZER] Unknown error case: pytree_next_sibling_3077_test.py::TestPytreeNextSibling::test_next_sibling_none_for_last_child
[ANALYZER]   Test file: /LSPRAG/experiments/projects/old_black/src/lsprag_tests/gpt-4o-1/pytree_next_sibling_3077_test.py
[ANALYZER]   Source file: /LSPRAG/experiments/projects/black/src/blib2to3/pytree.py
[ANALYZER]   Symbol name: next_sibling
[ANALYZER]   Error detail: AssertionError: Cannot instantiate Base
[ANALYZER] Unknown error case: pytree_replace_1523_test.py::BaseTest::test_replace_ch_is_self
[ANALYZER]   Test file: /LSPRAG/experiments/projects/old_black/src/lsprag_tests/gpt-4o-1/pytree_replace_1523_test.py
[ANALYZER]   Source file: /LSPRAG/experiments/projects/black/src/blib2to3/pytree.py
[ANALYZER]   Symbol name: replace
[ANALYZER]   Error detail: AssertionError: Lists differ: [<Moc[19 chars]28'>, <Mock id='140243641196336'>, <Mock id='140243641196624'>] != [<Moc[19 chars]28'>, <Mock id='140243641196384'>, <Mock id='140243641196624'>]
[ANALYZER] Unknown error case: pytree_replace_1523_test.py::BaseTest::test_replace_new_is_not_none
[ANALYZER]   Test file: /LSPRAG/experiments/projects/old_black/src/lsprag_tests/gpt-4o-1/pytree_replace_1523_test.py
[ANALYZER]   Source file: /LSPRAG/experiments/projects/black/src/blib2to3/pytree.py
[ANALYZER]   Symbol name: replace
[ANALYZER]   Error detail: AssertionError: <Mock id='140243641605504'> not found in [<Mock id='140243641605552'>]
[ANALYZER] Unknown error case: pytree_replace_1523_test.py::BaseTest::test_replace_not_instance_new_list
[ANALYZER]   Test file: /LSPRAG/experiments/projects/old_black/src/lsprag_tests/gpt-4o-1/pytree_replace_1523_test.py
[ANALYZER]   Source file: /LSPRAG/experiments/projects/black/src/blib2to3/pytree.py
[ANALYZER]   Symbol name: replace
[ANALYZER]   Error detail: AssertionError: <Mock id='140243641612752'> not found in [<Mock id='140243641612848'>]
[ANALYZER] Unknown error case: pytree_type_repr_3581_test.py::Testpytree_type_repr_3581_test::test_python_symbols_initialization
[ANALYZER]   Test file: /LSPRAG/experiments/projects/old_black/src/lsprag_tests/gpt-4o-1/pytree_type_repr_3581_test.py
[ANALYZER]   Source file: /LSPRAG/experiments/projects/black/src/blib2to3/pytree.py
[ANALYZER]   Symbol name: type_repr
[ANALYZER]   Error detail: AssertionError: 42 != 'SAMPLE'
[ANALYZER] Unknown error case: pytree_type_repr_3581_test.py::Testpytree_type_repr_3581_test::test_type_val_is_int
[ANALYZER]   Test file: /LSPRAG/experiments/projects/old_black/src/lsprag_tests/gpt-4o-1/pytree_type_repr_3581_test.py
[ANALYZER]   Source file: /LSPRAG/experiments/projects/black/src/blib2to3/pytree.py
[ANALYZER]   Symbol name: type_repr
[ANALYZER]   Error detail: AssertionError: 100 != 'SAMPLE'
[ANALYZER] Unknown error case: ranges__convert_nodes_to_standalone_comment_1145_test.py::Testranges__convert_nodes_to_standalone_comment_1145_test::test_ranges__convert_nodes_to_standalone_comment_1145_test_1
[ANALYZER]   Test file: /LSPRAG/experiments/projects/old_black/src/lsprag_tests/gpt-4o-1/ranges__convert_nodes_to_standalone_comment_1145_test.py
[ANALYZER]   Source file: /LSPRAG/experiments/projects/black/src/black/ranges.py
[ANALYZER]   Symbol name: _convert_nodes_to_standalone_comment
[ANALYZER]   Error detail: AssertionError: 1
[ANALYZER] Unknown error case: ranges__convert_nodes_to_standalone_comment_1145_test.py::Testranges__convert_nodes_to_standalone_comment_1145_test::test_ranges__convert_nodes_to_standalone_comment_1145_test_2
[ANALYZER]   Test file: /LSPRAG/experiments/projects/old_black/src/lsprag_tests/gpt-4o-1/ranges__convert_nodes_to_standalone_comment_1145_test.py
[ANALYZER]   Source file: /LSPRAG/experiments/projects/black/src/black/ranges.py
[ANALYZER]   Symbol name: _convert_nodes_to_standalone_comment
[ANALYZER]   Error detail: AssertionError: 1
[ANALYZER] Unknown error case: ranges__convert_nodes_to_standalone_comment_1145_test.py::Testranges__convert_nodes_to_standalone_comment_1145_test::test_ranges__convert_nodes_to_standalone_comment_1145_test_3
[ANALYZER]   Test file: /LSPRAG/experiments/projects/old_black/src/lsprag_tests/gpt-4o-1/ranges__convert_nodes_to_standalone_comment_1145_test.py
[ANALYZER]   Source file: /LSPRAG/experiments/projects/black/src/black/ranges.py
[ANALYZER]   Symbol name: _convert_nodes_to_standalone_comment
[ANALYZER]   Error detail: AssertionError: 1
[ANALYZER] Unknown error case: ranges__convert_unchanged_line_by_line_7121_test.py::TestrangesConvertUnchangedLineByLine::test_decorator_ancestor_with_no_line_intersection
[ANALYZER]   Test file: /LSPRAG/experiments/projects/old_black/src/lsprag_tests/gpt-4o-1/ranges__convert_unchanged_line_by_line_7121_test.py
[ANALYZER]   Source file: /LSPRAG/experiments/projects/black/src/black/ranges.py
[ANALYZER]   Symbol name: _convert_unchanged_line_by_line
[ANALYZER]   Error detail: AssertionError: Expected 'mock' to be called once. Called 0 times.
[ANALYZER] Unknown error case: ranges__convert_unchanged_line_by_line_7121_test.py::TestrangesConvertUnchangedLineByLine::test_grandparent_with_async_prev_sibling
[ANALYZER]   Test file: /LSPRAG/experiments/projects/old_black/src/lsprag_tests/gpt-4o-1/ranges__convert_unchanged_line_by_line_7121_test.py
[ANALYZER]   Source file: /LSPRAG/experiments/projects/black/src/black/ranges.py
[ANALYZER]   Symbol name: _convert_unchanged_line_by_line
[ANALYZER]   Error detail: AssertionError: Expected 'mock' to have been called once. Called 0 times.
[ANALYZER] Unknown error case: ranges__convert_unchanged_line_by_line_7121_test.py::TestrangesConvertUnchangedLineByLine::test_leaf_of_type_newline_in_match_stmt_without_prev_sibling
[ANALYZER]   Test file: /LSPRAG/experiments/projects/old_black/src/lsprag_tests/gpt-4o-1/ranges__convert_unchanged_line_by_line_7121_test.py
[ANALYZER]   Source file: /LSPRAG/experiments/projects/black/src/black/ranges.py
[ANALYZER]   Symbol name: _convert_unchanged_line_by_line
[ANALYZER]   Error detail: AssertionError: Expected 'mock' to have been called once. Called 0 times.
[ANALYZER] Unknown error case: ranges__convert_unchanged_line_by_line_7121_test.py::TestrangesConvertUnchangedLineByLine::test_leaf_of_type_newline_with_no_lines_intersection
[ANALYZER]   Test file: /LSPRAG/experiments/projects/old_black/src/lsprag_tests/gpt-4o-1/ranges__convert_unchanged_line_by_line_7121_test.py
[ANALYZER]   Source file: /LSPRAG/experiments/projects/black/src/black/ranges.py
[ANALYZER]   Symbol name: _convert_unchanged_line_by_line
[ANALYZER]   Error detail: AssertionError: Expected 'mock' to have been called once. Called 0 times.
[ANALYZER] Unknown error case: ranges_convert_unchanged_lines_1919_test.py::TestRangesConvertUnchangedLines::test_multiple_line_range_conversion
[ANALYZER]   Test file: /LSPRAG/experiments/projects/old_black/src/lsprag_tests/gpt-4o-1/ranges_convert_unchanged_lines_1919_test.py
[ANALYZER]   Source file: /LSPRAG/experiments/projects/black/src/black/ranges.py
[ANALYZER]   Symbol name: convert_unchanged_lines
[ANALYZER]   Error detail: AssertionError: 1
[ANALYZER] Unknown error case: ranges_convert_unchanged_lines_1919_test.py::TestRangesConvertUnchangedLines::test_no_lines_to_convert
[ANALYZER]   Test file: /LSPRAG/experiments/projects/old_black/src/lsprag_tests/gpt-4o-1/ranges_convert_unchanged_lines_1919_test.py
[ANALYZER]   Source file: /LSPRAG/experiments/projects/black/src/black/ranges.py
[ANALYZER]   Symbol name: convert_unchanged_lines
[ANALYZER]   Error detail: AssertionError: 1
[ANALYZER] Unknown error case: ranges_convert_unchanged_lines_1919_test.py::TestRangesConvertUnchangedLines::test_non_sequential_lines_conversion
[ANALYZER]   Test file: /LSPRAG/experiments/projects/old_black/src/lsprag_tests/gpt-4o-1/ranges_convert_unchanged_lines_1919_test.py
[ANALYZER]   Source file: /LSPRAG/experiments/projects/black/src/black/ranges.py
[ANALYZER]   Symbol name: convert_unchanged_lines
[ANALYZER]   Error detail: AssertionError: 1
[ANALYZER] Unknown error case: ranges_convert_unchanged_lines_1919_test.py::TestRangesConvertUnchangedLines::test_partial_lines_unchanged
[ANALYZER]   Test file: /LSPRAG/experiments/projects/old_black/src/lsprag_tests/gpt-4o-1/ranges_convert_unchanged_lines_1919_test.py
[ANALYZER]   Source file: /LSPRAG/experiments/projects/black/src/black/ranges.py
[ANALYZER]   Symbol name: convert_unchanged_lines
[ANALYZER]   Error detail: AssertionError: 1
[ANALYZER] Unknown error case: ranges_convert_unchanged_lines_1919_test.py::TestRangesConvertUnchangedLines::test_single_line_conversion
[ANALYZER]   Test file: /LSPRAG/experiments/projects/old_black/src/lsprag_tests/gpt-4o-1/ranges_convert_unchanged_lines_1919_test.py
[ANALYZER]   Source file: /LSPRAG/experiments/projects/black/src/black/ranges.py
[ANALYZER]   Symbol name: convert_unchanged_lines
[ANALYZER]   Error detail: AssertionError: 1
[ANALYZER] Unknown error case: report___str___6393_test.py::TestReportStrMethod::test_check_true
[ANALYZER]   Test file: /LSPRAG/experiments/projects/old_black/src/lsprag_tests/gpt-4o-1/report___str___6393_test.py
[ANALYZER]   Source file: /LSPRAG/experiments/projects/black/src/black/report.py
[ANALYZER]   Symbol name: __str__
[ANALYZER]   Error detail: AssertionError: '.' != ''
[ANALYZER] Unknown error case: report___str___6393_test.py::TestReportStrMethod::test_diff_true
[ANALYZER]   Test file: /LSPRAG/experiments/projects/old_black/src/lsprag_tests/gpt-4o-1/report___str___6393_test.py
[ANALYZER]   Source file: /LSPRAG/experiments/projects/black/src/black/report.py
[ANALYZER]   Symbol name: __str__
[ANALYZER]   Error detail: AssertionError: '.' != ''
[ANALYZER] Unknown error case: report_done_3318_test.py::TestReportDone::test_already_well_formatted
[ANALYZER]   Test file: /LSPRAG/experiments/projects/old_black/src/lsprag_tests/gpt-4o-1/report_done_3318_test.py
[ANALYZER]   Source file: /LSPRAG/experiments/projects/black/src/black/report.py
[ANALYZER]   Symbol name: done
[ANALYZER]   Error detail: AssertionError: Expected 'out' to be called once. Called 0 times.
[ANALYZER] Unknown error case: report_done_3318_test.py::TestReportDone::test_not_modified_cached
[ANALYZER]   Test file: /LSPRAG/experiments/projects/old_black/src/lsprag_tests/gpt-4o-1/report_done_3318_test.py
[ANALYZER]   Source file: /LSPRAG/experiments/projects/black/src/black/report.py
[ANALYZER]   Symbol name: done
[ANALYZER]   Error detail: AssertionError: Expected 'out' to be called once. Called 0 times.
[ANALYZER] Unknown error case: report_done_3318_test.py::TestReportDone::test_reformatted_yes
[ANALYZER]   Test file: /LSPRAG/experiments/projects/old_black/src/lsprag_tests/gpt-4o-1/report_done_3318_test.py
[ANALYZER]   Source file: /LSPRAG/experiments/projects/black/src/black/report.py
[ANALYZER]   Symbol name: done
[ANALYZER]   Error detail: AssertionError: Expected 'out' to be called once. Called 0 times.
[ANALYZER] Unknown error case: report_done_3318_test.py::TestReportDone::test_verbose_not_quiet
[ANALYZER]   Test file: /LSPRAG/experiments/projects/old_black/src/lsprag_tests/gpt-4o-1/report_done_3318_test.py
[ANALYZER]   Source file: /LSPRAG/experiments/projects/black/src/black/report.py
[ANALYZER]   Symbol name: done
[ANALYZER]   Error detail: AssertionError: Expected 'out' to be called once. Called 0 times.
[ANALYZER] Unknown error case: strings_assert_is_leaf_string_9688_test.py::TestStringsAssertIsLeafString::test_strings_assert_is_leaf_string_empty
[ANALYZER]   Test file: /LSPRAG/experiments/projects/old_black/src/lsprag_tests/gpt-4o-1/strings_assert_is_leaf_string_9688_test.py
[ANALYZER]   Source file: /LSPRAG/experiments/projects/black/src/black/strings.py
[ANALYZER]   Symbol name: assert_is_leaf_string
[ANALYZER]   Error detail: AssertionError: AssertionError not raised
[ANALYZER] Unknown error case: strings_fix_multiline_docstring_5439_test.py::TestStringsFixMultilineDocstring::test_minimum_indent_less_than_sysmaxsize
[ANALYZER]   Test file: /LSPRAG/experiments/projects/old_black/src/lsprag_tests/gpt-4o-1/strings_fix_multiline_docstring_5439_test.py
[ANALYZER]   Source file: /LSPRAG/experiments/projects/black/src/black/strings.py
[ANALYZER]   Symbol name: fix_multiline_docstring
[ANALYZER]   Error detail: AssertionError: '\nLine with text\n  Another line with text\n' != 'Line with text\nAnother line with text'
[ANALYZER] Unknown error case: strings_fix_multiline_docstring_5439_test.py::TestStringsFixMultilineDocstring::test_non_empty_stripped_line_or_last_line
[ANALYZER]   Test file: /LSPRAG/experiments/projects/old_black/src/lsprag_tests/gpt-4o-1/strings_fix_multiline_docstring_5439_test.py
[ANALYZER]   Source file: /LSPRAG/experiments/projects/black/src/black/strings.py
[ANALYZER]   Symbol name: fix_multiline_docstring
[ANALYZER]   Error detail: AssertionError: '\nFirst line\nSecond line\nThird\n' != 'First line\nSecond line\nThird'
[ANALYZER] Unknown error case: strings_get_string_prefix_7011_test.py::Teststrings_get_string_prefix_7011_test::test_empty_string
[ANALYZER]   Test file: /LSPRAG/experiments/projects/old_black/src/lsprag_tests/gpt-4o-1/strings_get_string_prefix_7011_test.py
[ANALYZER]   Source file: /LSPRAG/experiments/projects/black/src/black/strings.py
[ANALYZER]   Symbol name: get_string_prefix
[ANALYZER]   Error detail: AssertionError: '' is missing a starting quote character (' or ").
[ANALYZER] Unknown error case: strings_lines_with_leading_tabs_expanded_5317_test.py::TestLinesWithLeadingTabsExpanded::test_basic_expansion
[ANALYZER]   Test file: /LSPRAG/experiments/projects/old_black/src/lsprag_tests/gpt-4o-1/strings_lines_with_leading_tabs_expanded_5317_test.py
[ANALYZER]   Source file: /LSPRAG/experiments/projects/black/src/black/strings.py
[ANALYZER]   Symbol name: lines_with_leading_tabs_expanded
[ANALYZER]   Error detail: AssertionError: Lists differ: ['        foo', '        bar', ''] != ['    foo', '    bar', '']
[ANALYZER] Unknown error case: strings_lines_with_leading_tabs_expanded_5317_test.py::TestLinesWithLeadingTabsExpanded::test_mixed_content
[ANALYZER]   Test file: /LSPRAG/experiments/projects/old_black/src/lsprag_tests/gpt-4o-1/strings_lines_with_leading_tabs_expanded_5317_test.py
[ANALYZER]   Source file: /LSPRAG/experiments/projects/black/src/black/strings.py
[ANALYZER]   Symbol name: lines_with_leading_tabs_expanded
[ANALYZER]   Error detail: AssertionError: Lists differ: ['foo', '        bar', '                baz', ''] != ['foo', '    bar', '        baz', '']
[ANALYZER] Unknown error case: strings_lines_with_leading_tabs_expanded_5317_test.py::TestLinesWithLeadingTabsExpanded::test_only_tabs
[ANALYZER]   Test file: /LSPRAG/experiments/projects/old_black/src/lsprag_tests/gpt-4o-1/strings_lines_with_leading_tabs_expanded_5317_test.py
[ANALYZER]   Source file: /LSPRAG/experiments/projects/black/src/black/strings.py
[ANALYZER]   Symbol name: lines_with_leading_tabs_expanded
[ANALYZER]   Error detail: AssertionError: Lists differ: ['\t\t', '\t', ''] != ['        ', '    ', '']
[ANALYZER] Unknown error case: strings_normalize_fstring_quotes_7973_test.py::Teststrings_normalize_fstring_quotes_7973_test::test_strings_normalize_fstring_quotes_7973_test_1
[ANALYZER]   Test file: /LSPRAG/experiments/projects/old_black/src/lsprag_tests/gpt-4o-1/strings_normalize_fstring_quotes_7973_test.py
[ANALYZER]   Source file: /LSPRAG/experiments/projects/black/src/black/strings.py
[ANALYZER]   Symbol name: normalize_fstring_quotes
[ANALYZER]   Error detail: AssertionError: '"""' != "'''"
[ANALYZER] Unknown error case: strings_normalize_fstring_quotes_7973_test.py::Teststrings_normalize_fstring_quotes_7973_test::test_strings_normalize_fstring_quotes_7973_test_3
[ANALYZER]   Test file: /LSPRAG/experiments/projects/old_black/src/lsprag_tests/gpt-4o-1/strings_normalize_fstring_quotes_7973_test.py
[ANALYZER]   Source file: /LSPRAG/experiments/projects/black/src/black/strings.py
[ANALYZER]   Symbol name: normalize_fstring_quotes
[ANALYZER]   Error detail: AssertionError: "'''" != '"""'
[ANALYZER] Unknown error case: strings_normalize_fstring_quotes_7973_test.py::Teststrings_normalize_fstring_quotes_7973_test::test_strings_normalize_fstring_quotes_7973_test_6
[ANALYZER]   Test file: /LSPRAG/experiments/projects/old_black/src/lsprag_tests/gpt-4o-1/strings_normalize_fstring_quotes_7973_test.py
[ANALYZER]   Source file: /LSPRAG/experiments/projects/black/src/black/strings.py
[ANALYZER]   Symbol name: normalize_fstring_quotes
[ANALYZER]   Error detail: AssertionError: "ab\\'c" == "ab\\'c"
[ANALYZER] Unknown error case: strings_normalize_fstring_quotes_7973_test.py::Teststrings_normalize_fstring_quotes_7973_test::test_strings_normalize_fstring_quotes_7973_test_8
[ANALYZER]   Test file: /LSPRAG/experiments/projects/old_black/src/lsprag_tests/gpt-4o-1/strings_normalize_fstring_quotes_7973_test.py
[ANALYZER]   Source file: /LSPRAG/experiments/projects/black/src/black/strings.py
[ANALYZER]   Symbol name: normalize_fstring_quotes
[ANALYZER]   Error detail: AssertionError: 'abc"' != 'abc\\"'
[ANALYZER] Unknown error case: strings_normalize_string_quotes_1066_test.py::TestNormalizeStringQuotes::test_backslashes_in_expression
[ANALYZER]   Test file: /LSPRAG/experiments/projects/old_black/src/lsprag_tests/gpt-4o-1/strings_normalize_string_quotes_1066_test.py
[ANALYZER]   Source file: /LSPRAG/experiments/projects/black/src/black/strings.py
[ANALYZER]   Symbol name: normalize_string_quotes
[ANALYZER]   Error detail: AssertionError: 'f\'Hello {r"path\\to"}\'' != 'f\'Hello {r\\"path\\to\\"}\''
[ANALYZER] Unknown error case: strings_normalize_string_quotes_1066_test.py::TestNormalizeStringQuotes::test_formatted_string
[ANALYZER]   Test file: /LSPRAG/experiments/projects/old_black/src/lsprag_tests/gpt-4o-1/strings_normalize_string_quotes_1066_test.py
[ANALYZER]   Source file: /LSPRAG/experiments/projects/black/src/black/strings.py
[ANALYZER]   Symbol name: normalize_string_quotes
[ANALYZER]   Error detail: AssertionError: 'f"Hello world"' != "f'Hello world'"
[ANALYZER] Unknown error case: strings_normalize_string_quotes_1066_test.py::TestNormalizeStringQuotes::test_new_escape_count_greater
[ANALYZER]   Test file: /LSPRAG/experiments/projects/old_black/src/lsprag_tests/gpt-4o-1/strings_normalize_string_quotes_1066_test.py
[ANALYZER]   Source file: /LSPRAG/experiments/projects/black/src/black/strings.py
[ANALYZER]   Symbol name: normalize_string_quotes
[ANALYZER]   Error detail: AssertionError: 'r"\\"Hello\\""' != 'r\'\\"Hello\\"\''
[ANALYZER] Unknown error case: strings_normalize_string_quotes_1066_test.py::TestNormalizeStringQuotes::test_raw_string_prefix
[ANALYZER]   Test file: /LSPRAG/experiments/projects/old_black/src/lsprag_tests/gpt-4o-1/strings_normalize_string_quotes_1066_test.py
[ANALYZER]   Source file: /LSPRAG/experiments/projects/black/src/black/strings.py
[ANALYZER]   Symbol name: normalize_string_quotes
[ANALYZER]   Error detail: AssertionError: 'r"\\\'Hello\\\'"' != "r'\\'Hello\\''"
[ANALYZER] Unknown error case: strings_normalize_string_quotes_1066_test.py::TestNormalizeStringQuotes::test_single_double_quote
[ANALYZER]   Test file: /LSPRAG/experiments/projects/old_black/src/lsprag_tests/gpt-4o-1/strings_normalize_string_quotes_1066_test.py
[ANALYZER]   Source file: /LSPRAG/experiments/projects/black/src/black/strings.py
[ANALYZER]   Symbol name: normalize_string_quotes
[ANALYZER]   Error detail: AssertionError: '"Hello"' != "'Hello'"
[ANALYZER] Unknown error case: strings_normalize_string_quotes_1066_test.py::TestNormalizeStringQuotes::test_trailing_quote_escape
[ANALYZER]   Test file: /LSPRAG/experiments/projects/old_black/src/lsprag_tests/gpt-4o-1/strings_normalize_string_quotes_1066_test.py
[ANALYZER]   Source file: /LSPRAG/experiments/projects/black/src/black/strings.py
[ANALYZER]   Symbol name: normalize_string_quotes
[ANALYZER]   Error detail: AssertionError: '"""Ending on "%s"\' % va"""' != '"""Ending on "%s""" % value'
[ANALYZER] Unknown error case: strings_normalize_string_quotes_1066_test.py::TestNormalizeStringQuotes::test_unescaped_new_quote
[ANALYZER]   Test file: /LSPRAG/experiments/projects/old_black/src/lsprag_tests/gpt-4o-1/strings_normalize_string_quotes_1066_test.py
[ANALYZER]   Source file: /LSPRAG/experiments/projects/black/src/black/strings.py
[ANALYZER]   Symbol name: normalize_string_quotes
[ANALYZER]   Error detail: AssertionError: '\'\'\'Some "Text"\'\'\'' != '"""Some "Text"""'
[ANALYZER] Unknown error case: strings_replace_3505_test.py::Teststrings_replace_3505_test::test_strings_replace_3505_test_0
[ANALYZER]   Test file: /LSPRAG/experiments/projects/old_black/src/lsprag_tests/gpt-4o-1/strings_replace_3505_test.py
[ANALYZER]   Source file: /LSPRAG/experiments/projects/black/src/black/strings.py
[ANALYZER]   Symbol name: replace
[ANALYZER]   Error detail: AssertionError: '\\uu' != '\\u0041'
[ANALYZER] Unknown error case: tokenize_untokenize_3433_test.py::TestTokenizeUntokenize::test_function_definition
[ANALYZER]   Test file: /LSPRAG/experiments/projects/old_black/src/lsprag_tests/gpt-4o-1/tokenize_untokenize_3433_test.py
[ANALYZER]   Source file: /LSPRAG/experiments/projects/black/src/blib2to3/pgen2/tokenize.py
[ANALYZER]   Symbol name: untokenize
[ANALYZER]   Error detail: AssertionError: 'def foo ():pass \n' != 'def foo(): pass\n'
[ANALYZER] Unknown error case: tokenize_untokenize_3433_test.py::TestTokenizeUntokenize::test_simple_assignment
[ANALYZER]   Test file: /LSPRAG/experiments/projects/old_black/src/lsprag_tests/gpt-4o-1/tokenize_untokenize_3433_test.py
[ANALYZER]   Source file: /LSPRAG/experiments/projects/black/src/blib2to3/pgen2/tokenize.py
[ANALYZER]   Symbol name: untokenize
[ANALYZER]   Error detail: AssertionError: 'x =1 \n' != 'x = 1\n'
[ANALYZER] Unknown error case: tokenize_untokenize_5086_test.py::TestTokenizeUntokenize::test_token_length_more_than_2
[ANALYZER]   Test file: /LSPRAG/experiments/projects/old_black/src/lsprag_tests/gpt-4o-1/tokenize_untokenize_5086_test.py
[ANALYZER]   Source file: /LSPRAG/experiments/projects/black/src/blib2to3/pgen2/tokenize.py
[ANALYZER]   Symbol name: untokenize
[ANALYZER]   Error detail: AssertionError: 'def# my comment' != 'def # my comment'
[ANALYZER] Unknown error case: tokenize_untokenize_5086_test.py::TestTokenizeUntokenize::test_token_newline_or_nl
[ANALYZER]   Test file: /LSPRAG/experiments/projects/old_black/src/lsprag_tests/gpt-4o-1/tokenize_untokenize_5086_test.py
[ANALYZER]   Source file: /LSPRAG/experiments/projects/black/src/blib2to3/pgen2/tokenize.py
[ANALYZER]   Symbol name: untokenize
[ANALYZER]   Error detail: AssertionError: 'print\na\n' != 'print \na\n'
[ANALYZER] Unknown error case: trans__assign_match_7167_test.py::Testtrans__assign_match_7167_test::test_assignment_with_parens
[ANALYZER]   Test file: /LSPRAG/experiments/projects/old_black/src/lsprag_tests/gpt-4o-1/trans__assign_match_7167_test.py
[ANALYZER]   Source file: /LSPRAG/experiments/projects/black/src/black/trans.py
[ANALYZER]   Symbol name: _assign_match
[ANALYZER]   Error detail: AssertionError: None != 4
[ANALYZER] Unknown error case: trans__assign_match_7167_test.py::Testtrans__assign_match_7167_test::test_function_argument_assignment
[ANALYZER]   Test file: /LSPRAG/experiments/projects/old_black/src/lsprag_tests/gpt-4o-1/trans__assign_match_7167_test.py
[ANALYZER]   Source file: /LSPRAG/experiments/projects/black/src/black/trans.py
[ANALYZER]   Symbol name: _assign_match
[ANALYZER]   Error detail: AssertionError: None != 2
[ANALYZER] Unknown error case: trans__assign_match_7167_test.py::Testtrans__assign_match_7167_test::test_simple_assignment
[ANALYZER]   Test file: /LSPRAG/experiments/projects/old_black/src/lsprag_tests/gpt-4o-1/trans__assign_match_7167_test.py
[ANALYZER]   Source file: /LSPRAG/experiments/projects/black/src/black/trans.py
[ANALYZER]   Symbol name: _assign_match
[ANALYZER]   Error detail: AssertionError: None != 2
[ANALYZER] Unknown error case: trans__else_match_9881_test.py::Testtrans__else_match_9881_test::test_else_match_valid
[ANALYZER]   Test file: /LSPRAG/experiments/projects/old_black/src/lsprag_tests/gpt-4o-1/trans__else_match_9881_test.py
[ANALYZER]   Source file: /LSPRAG/experiments/projects/black/src/black/trans.py
[ANALYZER]   Symbol name: _else_match
[ANALYZER]   Error detail: AssertionError: None != 2
[ANALYZER] Unknown error case: trans__return_match_8092_test.py::TestStringParenWrapperReturnMatch::test_return_match_with_string
[ANALYZER]   Test file: /LSPRAG/experiments/projects/old_black/src/lsprag_tests/gpt-4o-1/trans__return_match_8092_test.py
[ANALYZER]   Source file: /LSPRAG/experiments/projects/black/src/black/trans.py
[ANALYZER]   Symbol name: _return_match
[ANALYZER]   Error detail: AssertionError: None != 1
[ANALYZER] Unknown error case: trans__return_match_8092_test.py::TestStringParenWrapperReturnMatch::test_yield_match_with_empty_paren_and_string
[ANALYZER]   Test file: /LSPRAG/experiments/projects/old_black/src/lsprag_tests/gpt-4o-1/trans__return_match_8092_test.py
[ANALYZER]   Source file: /LSPRAG/experiments/projects/black/src/black/trans.py
[ANALYZER]   Symbol name: _return_match
[ANALYZER]   Error detail: AssertionError: None != 2
[ANALYZER] Unknown error case: trans__toggle_fexpr_quotes_2726_test.py::TestTransToggleFexprQuotes::test_expression_at_end
[ANALYZER]   Test file: /LSPRAG/experiments/projects/old_black/src/lsprag_tests/gpt-4o-1/trans__toggle_fexpr_quotes_2726_test.py
[ANALYZER]   Source file: /LSPRAG/experiments/projects/black/src/black/trans.py
[ANALYZER]   Symbol name: _toggle_fexpr_quotes
[ANALYZER]   Error detail: AssertionError: 'f"a {"b"}"' != 'f"a {\\"b\\"}"'
[ANALYZER] Unknown error case: trans__toggle_fexpr_quotes_2726_test.py::TestTransToggleFexprQuotes::test_expression_at_start
[ANALYZER]   Test file: /LSPRAG/experiments/projects/old_black/src/lsprag_tests/gpt-4o-1/trans__toggle_fexpr_quotes_2726_test.py
[ANALYZER]   Source file: /LSPRAG/experiments/projects/black/src/black/trans.py
[ANALYZER]   Symbol name: _toggle_fexpr_quotes
[ANALYZER]   Error detail: AssertionError: 'f"{"a"} b"' != 'f"{\\"a\\"} b"'
[ANALYZER] Unknown error case: trans__toggle_fexpr_quotes_2726_test.py::TestTransToggleFexprQuotes::test_multiple_expressions
[ANALYZER]   Test file: /LSPRAG/experiments/projects/old_black/src/lsprag_tests/gpt-4o-1/trans__toggle_fexpr_quotes_2726_test.py
[ANALYZER]   Source file: /LSPRAG/experiments/projects/black/src/black/trans.py
[ANALYZER]   Symbol name: _toggle_fexpr_quotes
[ANALYZER]   Error detail: AssertionError: 'f"a {"b"} c {"d"} e"' != 'f"a {\\"b\\"} c {\\"d\\"} e"'
[ANALYZER] Unknown error case: trans__toggle_fexpr_quotes_2726_test.py::TestTransToggleFexprQuotes::test_nested_quotes
[ANALYZER]   Test file: /LSPRAG/experiments/projects/old_black/src/lsprag_tests/gpt-4o-1/trans__toggle_fexpr_quotes_2726_test.py
[ANALYZER]   Source file: /LSPRAG/experiments/projects/black/src/black/trans.py
[ANALYZER]   Symbol name: _toggle_fexpr_quotes
[ANALYZER]   Error detail: AssertionError: 'f"a {"b \\"c\\" d"} e"' != 'f"a {\\"b \\\\\\"c\\\\\\" d\\"} e"'
[ANALYZER] Unknown error case: trans__toggle_fexpr_quotes_2726_test.py::TestTransToggleFexprQuotes::test_toggle_single_to_double_quotes
[ANALYZER]   Test file: /LSPRAG/experiments/projects/old_black/src/lsprag_tests/gpt-4o-1/trans__toggle_fexpr_quotes_2726_test.py
[ANALYZER]   Source file: /LSPRAG/experiments/projects/black/src/black/trans.py
[ANALYZER]   Symbol name: _toggle_fexpr_quotes
[ANALYZER]   Error detail: AssertionError: 'f"a {1+"b"} c"' != 'f"a {1+\\"b\\"} c"'
[ANALYZER] Unknown error case: trans_handle_is_simple_look_up_prev_3609_test.py::Testtrans_handle_is_simple_look_up_prev_3609_test::test_not_contains_disallowed_and_current_type_in_disallowed
[ANALYZER]   Test file: /LSPRAG/experiments/projects/old_black/src/lsprag_tests/gpt-4o-1/trans_handle_is_simple_look_up_prev_3609_test.py
[ANALYZER]   Source file: /LSPRAG/experiments/projects/black/src/black/trans.py
[ANALYZER]   Symbol name: handle_is_simple_look_up_prev
[ANALYZER]   Error detail: AssertionError: True is not false
[ANALYZER] Unknown error case: trans_is_expression_chained_7576_test.py::TestTransIsExpressionChained::test_trans_is_expression_chained_7576_test_0
[ANALYZER]   Test file: /LSPRAG/experiments/projects/old_black/src/lsprag_tests/gpt-4o-1/trans_is_expression_chained_7576_test.py
[ANALYZER]   Source file: /LSPRAG/experiments/projects/black/src/black/trans.py
[ANALYZER]   Symbol name: is_expression_chained
[ANALYZER]   Error detail: AssertionError: False is not true
[ANALYZER] Unknown error case: trans_iter_fexpr_spans_3107_test.py::Testtrans_iter_fexpr_spans_3107_test::test_delim_with_triple_quotes
[ANALYZER]   Test file: /LSPRAG/experiments/projects/old_black/src/lsprag_tests/gpt-4o-1/trans_iter_fexpr_spans_3107_test.py
[ANALYZER]   Source file: /LSPRAG/experiments/projects/black/src/black/trans.py
[ANALYZER]   Symbol name: iter_fexpr_spans
[ANALYZER]   Error detail: AssertionError: Lists differ: [(0, 29)] != [(0, 27)]
[ANALYZER] Unknown error case: trans_iter_fexpr_spans_3107_test.py::Testtrans_iter_fexpr_spans_3107_test::test_reached_end_without_closing_triple_quote
[ANALYZER]   Test file: /LSPRAG/experiments/projects/old_black/src/lsprag_tests/gpt-4o-1/trans_iter_fexpr_spans_3107_test.py
[ANALYZER]   Source file: /LSPRAG/experiments/projects/black/src/black/trans.py
[ANALYZER]   Symbol name: iter_fexpr_spans
[ANALYZER]   Error detail: AssertionError: Lists differ: [] != [(0, 24)]
[ANALYZER] Unknown error case: trans_iter_fexpr_spans_3107_test.py::Testtrans_iter_fexpr_spans_3107_test::test_triple_quote_handled
[ANALYZER]   Test file: /LSPRAG/experiments/projects/old_black/src/lsprag_tests/gpt-4o-1/trans_iter_fexpr_spans_3107_test.py
[ANALYZER]   Source file: /LSPRAG/experiments/projects/black/src/black/trans.py
[ANALYZER]   Symbol name: iter_fexpr_spans
[ANALYZER]   Error detail: AssertionError: Lists differ: [(0, 33)] != [(0, 38)]
[RUNNER] Analysis completed in 150974ms
[RUNNER] Analyzed 1017 test cases
[RUNNER] Analyzed 299 files
[RUNNER] Phase 5: Writing results
[WRITER] Wrote examination results to /LSPRAG/experiments/projects/old_black/src/lsprag_tests/gpt-4o-1-final-report/examination_results.json
[WRITER] Wrote examination summary to /LSPRAG/experiments/projects/old_black/src/lsprag_tests/gpt-4o-1-final-report/examination_summary.md
[WRITER] Wrote 189 individual examination reports to /LSPRAG/experiments/projects/old_black/src/lsprag_tests/gpt-4o-1-final-report/examination
[RUNNER] Writing completed in 47ms
[RUNNER] Output files created:
[RUNNER]   Logs directory: /LSPRAG/experiments/projects/old_black/src/lsprag_tests/gpt-4o-1-final-report/logs
[RUNNER]   JUnit directory: /LSPRAG/experiments/projects/old_black/src/lsprag_tests/gpt-4o-1-final-report/junit
[RUNNER]   File results: /LSPRAG/experiments/projects/old_black/src/lsprag_tests/gpt-4o-1-final-report/file_results.json
[RUNNER]   Test results: /LSPRAG/experiments/projects/old_black/src/lsprag_tests/gpt-4o-1-final-report/test_results.json
[RUNNER]   Summary files: /LSPRAG/experiments/projects/old_black/src/lsprag_tests/gpt-4o-1-final-report/passed.txt, /LSPRAG/experiments/projects/old_black/src/lsprag_tests/gpt-4o-1-final-report/assertion_errors.txt, /LSPRAG/experiments/projects/old_black/src/lsprag_tests/gpt-4o-1-final-report/errors.txt
[RUNNER]   Unified log: /LSPRAG/experiments/projects/old_black/src/lsprag_tests/gpt-4o-1-final-report/pytest_output.log
[RUNNER] Pipeline completed successfully in 151066ms
[RUNNER] Total test files processed: 299
[RUNNER] Final summary:
[RUNNER]   Successful: 59
[RUNNER]   Failed: 240
[RUNNER]   Timed out: 0
[RUNNER]   Success rate: 19.7%
  [32m  ✔[0m[90m execute all python files and produce reports[0m[31m (151068ms)[0m
[92m [0m[32m 1 passing[0m[90m (3m)[0m
[32m✓ All tests completed successfully![0m
Total test files executed: 1
Total test files executed: execute.test.js
[90m[main 2025-10-26T14:09:06.971Z][0m Extension host with pid 217967 exited with code: 0, signal: unknown.
Exit code:   0
